TN:
SF:src\__tests__\integration\explanationHistory.integration.test.ts
FN:5,(anonymous_0)
FN:8,(anonymous_1)
FN:12,(anonymous_2)
FN:18,(anonymous_3)
FN:24,(anonymous_4)
FN:41,(anonymous_5)
FN:50,(anonymous_6)
FN:54,(anonymous_7)
FN:71,(anonymous_8)
FN:78,(anonymous_9)
FNF:10
FNH:0
FNDA:0,(anonymous_0)
FNDA:0,(anonymous_1)
FNDA:0,(anonymous_2)
FNDA:0,(anonymous_3)
FNDA:0,(anonymous_4)
FNDA:0,(anonymous_5)
FNDA:0,(anonymous_6)
FNDA:0,(anonymous_7)
FNDA:0,(anonymous_8)
FNDA:0,(anonymous_9)
DA:5,0
DA:8,0
DA:9,0
DA:12,0
DA:13,0
DA:14,0
DA:18,0
DA:19,0
DA:20,0
DA:21,0
DA:24,0
DA:25,0
DA:27,0
DA:28,0
DA:30,0
DA:31,0
DA:33,0
DA:34,0
DA:35,0
DA:36,0
DA:37,0
DA:41,0
DA:42,0
DA:46,0
DA:48,0
DA:49,0
DA:50,0
DA:54,0
DA:55,0
DA:56,0
DA:58,0
DA:62,0
DA:63,0
DA:64,0
DA:65,0
DA:66,0
DA:67,0
DA:68,0
DA:71,0
DA:72,0
DA:75,0
DA:78,0
DA:79,0
DA:83,0
DA:85,0
DA:86,0
DA:87,0
DA:88,0
DA:90,0
LF:49
LH:0
BRDA:13,0,0,0
BRDA:30,1,0,0
BRDA:49,2,0,0
BRDA:86,3,0,0
BRF:4
BRH:0
end_of_record
TN:
SF:src\backend\core\admin\dashboard.controller.ts
FN:22,(anonymous_6)
FN:28,(anonymous_7)
FN:37,(anonymous_8)
FN:46,(anonymous_9)
FN:55,(anonymous_10)
FN:67,(anonymous_11)
FN:68,(anonymous_12)
FN:69,(anonymous_13)
FN:77,(anonymous_14)
FN:85,(anonymous_15)
FN:99,(anonymous_16)
FN:106,(anonymous_17)
FN:111,(anonymous_18)
FN:116,(anonymous_19)
FN:121,(anonymous_20)
FNF:15
FNH:0
FNDA:0,(anonymous_6)
FNDA:0,(anonymous_7)
FNDA:0,(anonymous_8)
FNDA:0,(anonymous_9)
FNDA:0,(anonymous_10)
FNDA:0,(anonymous_11)
FNDA:0,(anonymous_12)
FNDA:0,(anonymous_13)
FNDA:0,(anonymous_14)
FNDA:0,(anonymous_15)
FNDA:0,(anonymous_16)
FNDA:0,(anonymous_17)
FNDA:0,(anonymous_18)
FNDA:0,(anonymous_19)
FNDA:0,(anonymous_20)
DA:18,0
DA:21,0
DA:23,0
DA:24,0
DA:27,0
DA:28,0
DA:29,0
DA:33,0
DA:36,0
DA:37,0
DA:38,0
DA:42,0
DA:45,0
DA:46,0
DA:47,0
DA:51,0
DA:54,0
DA:55,0
DA:59,0
DA:63,0
DA:66,0
DA:67,0
DA:68,0
DA:69,0
DA:70,0
DA:77,0
DA:78,0
DA:85,0
DA:86,0
DA:94,0
DA:95,0
DA:96,0
DA:99,0
DA:105,0
DA:106,0
DA:107,0
DA:110,0
DA:111,0
DA:112,0
DA:115,0
DA:116,0
DA:117,0
DA:120,0
DA:121,0
DA:122,0
LF:45
LH:0
BRF:0
BRH:0
end_of_record
TN:
SF:src\backend\core\admin\dashboard.service.ts
FN:10,(anonymous_6)
FN:17,(anonymous_7)
FN:21,(anonymous_8)
FN:25,(anonymous_9)
FN:29,(anonymous_10)
FN:33,(anonymous_11)
FN:59,(anonymous_12)
FN:83,(anonymous_13)
FN:100,(anonymous_14)
FN:117,(anonymous_15)
FN:153,(anonymous_16)
FN:177,(anonymous_17)
FNF:12
FNH:0
FNDA:0,(anonymous_6)
FNDA:0,(anonymous_7)
FNDA:0,(anonymous_8)
FNDA:0,(anonymous_9)
FNDA:0,(anonymous_10)
FNDA:0,(anonymous_11)
FNDA:0,(anonymous_12)
FNDA:0,(anonymous_13)
FNDA:0,(anonymous_14)
FNDA:0,(anonymous_15)
FNDA:0,(anonymous_16)
FNDA:0,(anonymous_17)
DA:8,0
DA:9,0
DA:11,0
DA:12,0
DA:13,0
DA:14,0
DA:18,0
DA:22,0
DA:26,0
DA:30,0
DA:34,0
DA:35,0
DA:41,0
DA:51,0
DA:60,0
DA:61,0
DA:71,0
DA:76,0
DA:84,0
DA:85,0
DA:88,0
DA:93,0
DA:101,0
DA:102,0
DA:105,0
DA:110,0
DA:118,0
DA:119,0
DA:147,0
DA:149,0
DA:154,0
DA:155,0
DA:171,0
DA:173,0
DA:178,0
DA:179,0
DA:196,0
DA:198,0
LF:38
LH:0
BRF:0
BRH:0
end_of_record
TN:
SF:src\backend\core\alert\alert.module.ts
FNF:0
FNH:0
DA:6,0
DA:11,0
LF:2
LH:0
BRF:0
BRH:0
end_of_record
TN:
SF:src\backend\core\auth\jwt-auth.service.ts
FN:10,(anonymous_6)
FN:19,(anonymous_7)
FN:44,(anonymous_8)
FN:61,(anonymous_9)
FN:94,(anonymous_10)
FN:107,(anonymous_11)
FN:114,(anonymous_12)
FN:122,(anonymous_13)
FN:130,(anonymous_14)
FN:138,(anonymous_15)
FN:146,(anonymous_16)
FN:154,(anonymous_17)
FNF:12
FNH:0
FNDA:0,(anonymous_6)
FNDA:0,(anonymous_7)
FNDA:0,(anonymous_8)
FNDA:0,(anonymous_9)
FNDA:0,(anonymous_10)
FNDA:0,(anonymous_11)
FNDA:0,(anonymous_12)
FNDA:0,(anonymous_13)
FNDA:0,(anonymous_14)
FNDA:0,(anonymous_15)
FNDA:0,(anonymous_16)
FNDA:0,(anonymous_17)
DA:8,0
DA:9,0
DA:11,0
DA:12,0
DA:13,0
DA:20,0
DA:27,0
DA:38,0
DA:45,0
DA:46,0
DA:47,0
DA:50,0
DA:51,0
DA:52,0
DA:55,0
DA:62,0
DA:63,0
DA:67,0
DA:68,0
DA:69,0
DA:72,0
DA:85,0
DA:87,0
DA:95,0
DA:96,0
DA:100,0
DA:108,0
DA:115,0
DA:116,0
DA:123,0
DA:124,0
DA:131,0
DA:132,0
DA:139,0
DA:140,0
DA:147,0
DA:148,0
DA:155,0
DA:156,0
LF:39
LH:0
BRDA:46,0,0,0
BRDA:51,1,0,0
BRDA:68,2,0,0
BRF:3
BRH:0
end_of_record
TN:
SF:src\backend\core\auth\decorators\permissions.decorator.ts
FN:4,(anonymous_0)
FNF:1
FNH:0
FNDA:0,(anonymous_0)
DA:3,0
DA:4,0
DA:5,0
LF:3
LH:0
BRF:0
BRH:0
end_of_record
TN:
SF:src\backend\core\auth\decorators\roles.decorator.ts
FN:5,(anonymous_0)
FNF:1
FNH:0
FNDA:0,(anonymous_0)
DA:4,0
DA:5,0
LF:2
LH:0
BRF:0
BRH:0
end_of_record
TN:
SF:src\backend\core\auth\guards\jwt-auth.guard.ts
FN:13,(anonymous_6)
FN:20,(anonymous_7)
FN:48,(anonymous_8)
FN:53,(anonymous_9)
FNF:4
FNH:0
FNDA:0,(anonymous_6)
FNDA:0,(anonymous_7)
FNDA:0,(anonymous_8)
FNDA:0,(anonymous_9)
DA:11,0
DA:12,0
DA:14,0
DA:15,0
DA:17,0
DA:22,0
DA:27,0
DA:28,0
DA:31,0
DA:32,0
DA:34,0
DA:35,0
DA:38,0
DA:40,0
DA:41,0
DA:42,0
DA:44,0
DA:49,0
DA:50,0
DA:54,0
DA:55,0
DA:57,0
LF:22
LH:0
BRDA:27,0,0,0
BRDA:34,1,0,0
BRDA:49,2,0,0
BRDA:49,2,1,0
BRDA:50,3,0,0
BRDA:50,3,1,0
BRDA:54,4,0,0
BRDA:54,5,0,0
BRDA:54,5,1,0
BRDA:55,6,0,0
BRDA:55,6,1,0
BRF:11
BRH:0
end_of_record
TN:
SF:src\backend\core\auth\guards\permissions.guard.ts
FN:7,(anonymous_6)
FN:9,(anonymous_7)
FN:23,(anonymous_8)
FN:28,(anonymous_9)
FN:36,(anonymous_10)
FN:46,(anonymous_11)
FN:50,(anonymous_12)
FN:58,(anonymous_13)
FN:62,(anonymous_14)
FN:70,(anonymous_15)
FN:82,(anonymous_16)
FNF:11
FNH:0
FNDA:0,(anonymous_6)
FNDA:0,(anonymous_7)
FNDA:0,(anonymous_8)
FNDA:0,(anonymous_9)
FNDA:0,(anonymous_10)
FNDA:0,(anonymous_11)
FNDA:0,(anonymous_12)
FNDA:0,(anonymous_13)
FNDA:0,(anonymous_14)
FNDA:0,(anonymous_15)
FNDA:0,(anonymous_16)
DA:5,0
DA:6,0
DA:7,0
DA:10,0
DA:15,0
DA:16,0
DA:19,0
DA:20,0
DA:28,0
DA:29,0
DA:40,0
DA:50,0
DA:51,0
DA:62,0
DA:63,0
DA:75,0
DA:76,0
DA:88,0
DA:89,0
LF:19
LH:0
BRDA:15,0,0,0
BRF:1
BRH:0
end_of_record
TN:
SF:src\backend\core\auth\guards\roles.guard.ts
FN:8,(anonymous_6)
FN:10,(anonymous_7)
FN:24,(anonymous_8)
FNF:3
FNH:0
FNDA:0,(anonymous_6)
FNDA:0,(anonymous_7)
FNDA:0,(anonymous_8)
DA:6,0
DA:7,0
DA:8,0
DA:11,0
DA:16,0
DA:17,0
DA:20,0
DA:21,0
DA:26,0
DA:27,0
DA:31,0
DA:32,0
DA:36,0
DA:37,0
DA:40,0
LF:15
LH:0
BRDA:16,0,0,0
BRDA:26,1,0,0
BRDA:31,2,0,0
BRDA:36,3,0,0
BRDA:36,4,0,0
BRDA:36,4,1,0
BRF:6
BRH:0
end_of_record
TN:
SF:src\backend\core\config\cloud.config.ts
FN:6,(anonymous_6)
FN:8,(anonymous_7)
FN:17,(anonymous_8)
FN:25,(anonymous_9)
FN:34,(anonymous_10)
FN:41,(anonymous_11)
FNF:6
FNH:0
FNDA:0,(anonymous_6)
FNDA:0,(anonymous_7)
FNDA:0,(anonymous_8)
FNDA:0,(anonymous_9)
FNDA:0,(anonymous_10)
FNDA:0,(anonymous_11)
DA:4,0
DA:5,0
DA:6,0
DA:9,0
DA:18,0
DA:26,0
DA:35,0
DA:42,0
LF:8
LH:0
BRF:0
BRH:0
end_of_record
TN:
SF:src\backend\core\entities\event-log.entity.ts
FN:7,(anonymous_8)
FN:7,(anonymous_10)
FN:23,(anonymous_11)
FN:23,(anonymous_13)
FN:26,(anonymous_14)
FN:26,(anonymous_16)
FN:32,(anonymous_17)
FN:32,(anonymous_19)
FN:35,(anonymous_20)
FN:35,(anonymous_22)
FN:38,(anonymous_23)
FN:38,(anonymous_25)
FNF:12
FNH:0
FNDA:0,(anonymous_8)
FNDA:0,(anonymous_10)
FNDA:0,(anonymous_11)
FNDA:0,(anonymous_13)
FNDA:0,(anonymous_14)
FNDA:0,(anonymous_16)
FNDA:0,(anonymous_17)
FNDA:0,(anonymous_19)
FNDA:0,(anonymous_20)
FNDA:0,(anonymous_22)
FNDA:0,(anonymous_23)
FNDA:0,(anonymous_25)
DA:4,0
DA:5,0
DA:6,0
DA:7,0
DA:9,0
DA:23,0
DA:25,0
DA:26,0
DA:28,0
DA:32,0
DA:34,0
DA:35,0
DA:37,0
DA:38,0
LF:14
LH:0
BRF:0
BRH:0
end_of_record
TN:
SF:src\backend\core\entities\proposal.entity.ts
FN:16,(anonymous_5)
FN:30,(anonymous_9)
FN:37,(anonymous_10)
FN:101,(anonymous_11)
FN:108,(anonymous_12)
FN:115,(anonymous_13)
FN:115,(anonymous_14)
FN:28,(anonymous_15)
FN:28,(anonymous_17)
FN:32,(anonymous_18)
FN:32,(anonymous_20)
FN:35,(anonymous_21)
FN:35,(anonymous_23)
FN:39,(anonymous_24)
FN:39,(anonymous_26)
FN:42,(anonymous_27)
FN:42,(anonymous_29)
FN:45,(anonymous_30)
FN:45,(anonymous_32)
FN:48,(anonymous_33)
FN:48,(anonymous_35)
FN:51,(anonymous_36)
FN:51,(anonymous_38)
FN:54,(anonymous_39)
FN:54,(anonymous_41)
FN:61,(anonymous_42)
FN:61,(anonymous_44)
FN:64,(anonymous_45)
FN:64,(anonymous_47)
FN:77,(anonymous_48)
FN:77,(anonymous_50)
FN:85,(anonymous_51)
FN:85,(anonymous_53)
FN:88,(anonymous_54)
FN:88,(anonymous_56)
FN:91,(anonymous_57)
FN:91,(anonymous_59)
FN:103,(anonymous_60)
FN:103,(anonymous_62)
FN:106,(anonymous_63)
FN:106,(anonymous_65)
FN:110,(anonymous_66)
FN:110,(anonymous_68)
FN:113,(anonymous_69)
FN:113,(anonymous_71)
FN:116,(anonymous_72)
FN:116,(anonymous_74)
FN:119,(anonymous_75)
FN:119,(anonymous_77)
FN:122,(anonymous_78)
FN:122,(anonymous_80)
FN:125,(anonymous_81)
FN:125,(anonymous_83)
FN:128,(anonymous_84)
FN:128,(anonymous_86)
FN:131,(anonymous_87)
FN:131,(anonymous_89)
FN:134,(anonymous_90)
FN:134,(anonymous_92)
FN:142,(anonymous_93)
FN:142,(anonymous_95)
FN:154,(anonymous_96)
FN:154,(anonymous_98)
FNF:63
FNH:0
FNDA:0,(anonymous_5)
FNDA:0,(anonymous_9)
FNDA:0,(anonymous_10)
FNDA:0,(anonymous_11)
FNDA:0,(anonymous_12)
FNDA:0,(anonymous_13)
FNDA:0,(anonymous_14)
FNDA:0,(anonymous_15)
FNDA:0,(anonymous_17)
FNDA:0,(anonymous_18)
FNDA:0,(anonymous_20)
FNDA:0,(anonymous_21)
FNDA:0,(anonymous_23)
FNDA:0,(anonymous_24)
FNDA:0,(anonymous_26)
FNDA:0,(anonymous_27)
FNDA:0,(anonymous_29)
FNDA:0,(anonymous_30)
FNDA:0,(anonymous_32)
FNDA:0,(anonymous_33)
FNDA:0,(anonymous_35)
FNDA:0,(anonymous_36)
FNDA:0,(anonymous_38)
FNDA:0,(anonymous_39)
FNDA:0,(anonymous_41)
FNDA:0,(anonymous_42)
FNDA:0,(anonymous_44)
FNDA:0,(anonymous_45)
FNDA:0,(anonymous_47)
FNDA:0,(anonymous_48)
FNDA:0,(anonymous_50)
FNDA:0,(anonymous_51)
FNDA:0,(anonymous_53)
FNDA:0,(anonymous_54)
FNDA:0,(anonymous_56)
FNDA:0,(anonymous_57)
FNDA:0,(anonymous_59)
FNDA:0,(anonymous_60)
FNDA:0,(anonymous_62)
FNDA:0,(anonymous_63)
FNDA:0,(anonymous_65)
FNDA:0,(anonymous_66)
FNDA:0,(anonymous_68)
FNDA:0,(anonymous_69)
FNDA:0,(anonymous_71)
FNDA:0,(anonymous_72)
FNDA:0,(anonymous_74)
FNDA:0,(anonymous_75)
FNDA:0,(anonymous_77)
FNDA:0,(anonymous_78)
FNDA:0,(anonymous_80)
FNDA:0,(anonymous_81)
FNDA:0,(anonymous_83)
FNDA:0,(anonymous_84)
FNDA:0,(anonymous_86)
FNDA:0,(anonymous_87)
FNDA:0,(anonymous_89)
FNDA:0,(anonymous_90)
FNDA:0,(anonymous_92)
FNDA:0,(anonymous_93)
FNDA:0,(anonymous_95)
FNDA:0,(anonymous_96)
FNDA:0,(anonymous_98)
DA:16,0
DA:17,0
DA:18,0
DA:19,0
DA:20,0
DA:21,0
DA:22,0
DA:25,0
DA:26,0
DA:27,0
DA:28,0
DA:30,0
DA:32,0
DA:34,0
DA:35,0
DA:37,0
DA:39,0
DA:41,0
DA:42,0
DA:44,0
DA:45,0
DA:47,0
DA:48,0
DA:50,0
DA:51,0
DA:53,0
DA:54,0
DA:56,0
DA:61,0
DA:63,0
DA:64,0
DA:76,0
DA:77,0
DA:84,0
DA:85,0
DA:87,0
DA:88,0
DA:90,0
DA:91,0
DA:101,0
DA:103,0
DA:105,0
DA:106,0
DA:108,0
DA:110,0
DA:112,0
DA:113,0
DA:115,0
DA:116,0
DA:118,0
DA:119,0
DA:121,0
DA:122,0
DA:124,0
DA:125,0
DA:127,0
DA:128,0
DA:130,0
DA:131,0
DA:133,0
DA:134,0
DA:141,0
DA:142,0
DA:153,0
DA:154,0
LF:65
LH:0
BRDA:16,0,0,0
BRDA:16,0,1,0
BRF:2
BRH:0
end_of_record
TN:
SF:src\backend\core\entities\rfq.entity.ts
FN:15,(anonymous_5)
FN:23,(anonymous_6)
FN:121,(anonymous_10)
FN:128,(anonymous_11)
FN:135,(anonymous_12)
FN:135,(anonymous_13)
FN:33,(anonymous_14)
FN:33,(anonymous_16)
FN:36,(anonymous_17)
FN:36,(anonymous_19)
FN:39,(anonymous_20)
FN:39,(anonymous_22)
FN:42,(anonymous_23)
FN:42,(anonymous_25)
FN:45,(anonymous_26)
FN:45,(anonymous_28)
FN:48,(anonymous_29)
FN:48,(anonymous_31)
FN:55,(anonymous_32)
FN:55,(anonymous_34)
FN:62,(anonymous_35)
FN:62,(anonymous_37)
FN:65,(anonymous_38)
FN:65,(anonymous_40)
FN:68,(anonymous_41)
FN:68,(anonymous_43)
FN:71,(anonymous_44)
FN:71,(anonymous_46)
FN:74,(anonymous_47)
FN:74,(anonymous_49)
FN:77,(anonymous_50)
FN:77,(anonymous_52)
FN:80,(anonymous_53)
FN:80,(anonymous_55)
FN:88,(anonymous_56)
FN:88,(anonymous_58)
FN:96,(anonymous_59)
FN:96,(anonymous_61)
FN:99,(anonymous_62)
FN:99,(anonymous_64)
FN:102,(anonymous_65)
FN:102,(anonymous_67)
FN:105,(anonymous_68)
FN:105,(anonymous_70)
FN:108,(anonymous_71)
FN:108,(anonymous_73)
FN:111,(anonymous_74)
FN:111,(anonymous_76)
FN:123,(anonymous_77)
FN:123,(anonymous_79)
FN:126,(anonymous_80)
FN:126,(anonymous_82)
FN:130,(anonymous_83)
FN:130,(anonymous_85)
FN:133,(anonymous_86)
FN:133,(anonymous_88)
FN:136,(anonymous_89)
FN:136,(anonymous_91)
FN:139,(anonymous_92)
FN:139,(anonymous_94)
FN:142,(anonymous_95)
FN:142,(anonymous_97)
FN:145,(anonymous_98)
FN:145,(anonymous_100)
FN:148,(anonymous_101)
FN:148,(anonymous_103)
FN:151,(anonymous_104)
FN:151,(anonymous_106)
FN:154,(anonymous_107)
FN:154,(anonymous_109)
FNF:70
FNH:0
FNDA:0,(anonymous_5)
FNDA:0,(anonymous_6)
FNDA:0,(anonymous_10)
FNDA:0,(anonymous_11)
FNDA:0,(anonymous_12)
FNDA:0,(anonymous_13)
FNDA:0,(anonymous_14)
FNDA:0,(anonymous_16)
FNDA:0,(anonymous_17)
FNDA:0,(anonymous_19)
FNDA:0,(anonymous_20)
FNDA:0,(anonymous_22)
FNDA:0,(anonymous_23)
FNDA:0,(anonymous_25)
FNDA:0,(anonymous_26)
FNDA:0,(anonymous_28)
FNDA:0,(anonymous_29)
FNDA:0,(anonymous_31)
FNDA:0,(anonymous_32)
FNDA:0,(anonymous_34)
FNDA:0,(anonymous_35)
FNDA:0,(anonymous_37)
FNDA:0,(anonymous_38)
FNDA:0,(anonymous_40)
FNDA:0,(anonymous_41)
FNDA:0,(anonymous_43)
FNDA:0,(anonymous_44)
FNDA:0,(anonymous_46)
FNDA:0,(anonymous_47)
FNDA:0,(anonymous_49)
FNDA:0,(anonymous_50)
FNDA:0,(anonymous_52)
FNDA:0,(anonymous_53)
FNDA:0,(anonymous_55)
FNDA:0,(anonymous_56)
FNDA:0,(anonymous_58)
FNDA:0,(anonymous_59)
FNDA:0,(anonymous_61)
FNDA:0,(anonymous_62)
FNDA:0,(anonymous_64)
FNDA:0,(anonymous_65)
FNDA:0,(anonymous_67)
FNDA:0,(anonymous_68)
FNDA:0,(anonymous_70)
FNDA:0,(anonymous_71)
FNDA:0,(anonymous_73)
FNDA:0,(anonymous_74)
FNDA:0,(anonymous_76)
FNDA:0,(anonymous_77)
FNDA:0,(anonymous_79)
FNDA:0,(anonymous_80)
FNDA:0,(anonymous_82)
FNDA:0,(anonymous_83)
FNDA:0,(anonymous_85)
FNDA:0,(anonymous_86)
FNDA:0,(anonymous_88)
FNDA:0,(anonymous_89)
FNDA:0,(anonymous_91)
FNDA:0,(anonymous_92)
FNDA:0,(anonymous_94)
FNDA:0,(anonymous_95)
FNDA:0,(anonymous_97)
FNDA:0,(anonymous_98)
FNDA:0,(anonymous_100)
FNDA:0,(anonymous_101)
FNDA:0,(anonymous_103)
FNDA:0,(anonymous_104)
FNDA:0,(anonymous_106)
FNDA:0,(anonymous_107)
FNDA:0,(anonymous_109)
DA:15,0
DA:16,0
DA:17,0
DA:18,0
DA:19,0
DA:20,0
DA:23,0
DA:24,0
DA:25,0
DA:26,0
DA:27,0
DA:30,0
DA:31,0
DA:32,0
DA:33,0
DA:35,0
DA:36,0
DA:38,0
DA:39,0
DA:41,0
DA:42,0
DA:44,0
DA:45,0
DA:47,0
DA:48,0
DA:50,0
DA:55,0
DA:57,0
DA:62,0
DA:64,0
DA:65,0
DA:67,0
DA:68,0
DA:70,0
DA:71,0
DA:73,0
DA:74,0
DA:76,0
DA:77,0
DA:79,0
DA:80,0
DA:87,0
DA:88,0
DA:95,0
DA:96,0
DA:98,0
DA:99,0
DA:101,0
DA:102,0
DA:104,0
DA:105,0
DA:107,0
DA:108,0
DA:110,0
DA:111,0
DA:121,0
DA:123,0
DA:125,0
DA:126,0
DA:128,0
DA:130,0
DA:132,0
DA:133,0
DA:135,0
DA:136,0
DA:138,0
DA:139,0
DA:141,0
DA:142,0
DA:144,0
DA:145,0
DA:147,0
DA:148,0
DA:150,0
DA:151,0
DA:153,0
DA:154,0
LF:77
LH:0
BRDA:15,0,0,0
BRDA:15,0,1,0
BRDA:23,1,0,0
BRDA:23,1,1,0
BRF:4
BRH:0
end_of_record
TN:
SF:src\backend\core\entities\transaction-log.entity.ts
FN:12,(anonymous_8)
FN:12,(anonymous_10)
FN:16,(anonymous_11)
FN:16,(anonymous_13)
FN:20,(anonymous_14)
FN:20,(anonymous_16)
FN:23,(anonymous_17)
FN:23,(anonymous_19)
FN:27,(anonymous_20)
FN:27,(anonymous_22)
FN:31,(anonymous_23)
FN:31,(anonymous_25)
FN:34,(anonymous_26)
FN:34,(anonymous_28)
FN:37,(anonymous_29)
FN:37,(anonymous_31)
FN:40,(anonymous_32)
FN:40,(anonymous_34)
FN:43,(anonymous_35)
FN:43,(anonymous_37)
FN:46,(anonymous_38)
FN:46,(anonymous_40)
FN:49,(anonymous_41)
FN:49,(anonymous_43)
FN:52,(anonymous_44)
FN:52,(anonymous_46)
FN:55,(anonymous_47)
FN:55,(anonymous_49)
FN:58,(anonymous_50)
FN:58,(anonymous_52)
FN:61,(anonymous_53)
FN:61,(anonymous_55)
FN:64,(anonymous_56)
FN:64,(anonymous_58)
FN:67,(anonymous_59)
FN:67,(anonymous_61)
FNF:36
FNH:0
FNDA:0,(anonymous_8)
FNDA:0,(anonymous_10)
FNDA:0,(anonymous_11)
FNDA:0,(anonymous_13)
FNDA:0,(anonymous_14)
FNDA:0,(anonymous_16)
FNDA:0,(anonymous_17)
FNDA:0,(anonymous_19)
FNDA:0,(anonymous_20)
FNDA:0,(anonymous_22)
FNDA:0,(anonymous_23)
FNDA:0,(anonymous_25)
FNDA:0,(anonymous_26)
FNDA:0,(anonymous_28)
FNDA:0,(anonymous_29)
FNDA:0,(anonymous_31)
FNDA:0,(anonymous_32)
FNDA:0,(anonymous_34)
FNDA:0,(anonymous_35)
FNDA:0,(anonymous_37)
FNDA:0,(anonymous_38)
FNDA:0,(anonymous_40)
FNDA:0,(anonymous_41)
FNDA:0,(anonymous_43)
FNDA:0,(anonymous_44)
FNDA:0,(anonymous_46)
FNDA:0,(anonymous_47)
FNDA:0,(anonymous_49)
FNDA:0,(anonymous_50)
FNDA:0,(anonymous_52)
FNDA:0,(anonymous_53)
FNDA:0,(anonymous_55)
FNDA:0,(anonymous_56)
FNDA:0,(anonymous_58)
FNDA:0,(anonymous_59)
FNDA:0,(anonymous_61)
DA:9,0
DA:10,0
DA:11,0
DA:12,0
DA:14,0
DA:16,0
DA:18,0
DA:20,0
DA:22,0
DA:23,0
DA:25,0
DA:27,0
DA:29,0
DA:31,0
DA:33,0
DA:34,0
DA:36,0
DA:37,0
DA:39,0
DA:40,0
DA:42,0
DA:43,0
DA:45,0
DA:46,0
DA:48,0
DA:49,0
DA:51,0
DA:52,0
DA:54,0
DA:55,0
DA:57,0
DA:58,0
DA:60,0
DA:61,0
DA:63,0
DA:64,0
DA:66,0
DA:67,0
LF:38
LH:0
BRF:0
BRH:0
end_of_record
TN:
SF:src\backend\core\erp\oracle.service.ts
FN:17,(anonymous_6)
FN:31,(anonymous_7)
FN:50,(anonymous_8)
FN:51,(anonymous_9)
FN:53,(anonymous_10)
FN:86,(anonymous_11)
FN:99,(anonymous_12)
FN:100,(anonymous_13)
FN:102,(anonymous_14)
FN:133,(anonymous_15)
FN:146,(anonymous_16)
FN:147,(anonymous_17)
FN:149,(anonymous_18)
FN:180,(anonymous_19)
FN:225,(anonymous_20)
FN:230,(anonymous_21)
FNF:16
FNH:0
FNDA:0,(anonymous_6)
FNDA:0,(anonymous_7)
FNDA:0,(anonymous_8)
FNDA:0,(anonymous_9)
FNDA:0,(anonymous_10)
FNDA:0,(anonymous_11)
FNDA:0,(anonymous_12)
FNDA:0,(anonymous_13)
FNDA:0,(anonymous_14)
FNDA:0,(anonymous_15)
FNDA:0,(anonymous_16)
FNDA:0,(anonymous_17)
FNDA:0,(anonymous_18)
FNDA:0,(anonymous_19)
FNDA:0,(anonymous_20)
FNDA:0,(anonymous_21)
DA:10,0
DA:11,0
DA:12,0
DA:18,0
DA:19,0
DA:20,0
DA:21,0
DA:23,0
DA:24,0
DA:25,0
DA:36,0
DA:37,0
DA:50,0
DA:52,0
DA:53,0
DA:58,0
DA:68,0
DA:70,0
DA:79,0
DA:87,0
DA:88,0
DA:90,0
DA:99,0
DA:101,0
DA:102,0
DA:107,0
DA:116,0
DA:118,0
DA:126,0
DA:134,0
DA:135,0
DA:137,0
DA:146,0
DA:148,0
DA:149,0
DA:154,0
DA:163,0
DA:165,0
DA:173,0
DA:181,0
DA:182,0
DA:192,0
DA:194,0
DA:195,0
DA:197,0
DA:198,0
DA:200,0
DA:203,0
DA:212,0
DA:221,0
DA:227,0
DA:232,0
LF:52
LH:0
BRDA:192,0,0,0
BRDA:192,0,1,0
BRDA:192,0,2,0
BRF:3
BRH:0
end_of_record
TN:
SF:src\backend\core\erp\transaction.logger.ts
FN:10,(anonymous_6)
FN:18,(anonymous_7)
FN:48,(anonymous_8)
FN:108,(anonymous_9)
FN:135,(anonymous_10)
FN:136,(anonymous_11)
FN:142,(anonymous_12)
FN:150,(anonymous_13)
FN:165,(anonymous_14)
FN:178,(anonymous_15)
FNF:10
FNH:0
FNDA:0,(anonymous_6)
FNDA:0,(anonymous_7)
FNDA:0,(anonymous_8)
FNDA:0,(anonymous_9)
FNDA:0,(anonymous_10)
FNDA:0,(anonymous_11)
FNDA:0,(anonymous_12)
FNDA:0,(anonymous_13)
FNDA:0,(anonymous_14)
FNDA:0,(anonymous_15)
DA:6,0
DA:7,0
DA:8,0
DA:12,0
DA:24,0
DA:25,0
DA:33,0
DA:35,0
DA:40,0
DA:57,0
DA:58,0
DA:60,0
DA:61,0
DA:64,0
DA:65,0
DA:68,0
DA:69,0
DA:74,0
DA:75,0
DA:78,0
DA:79,0
DA:84,0
DA:86,0
DA:87,0
DA:90,0
DA:91,0
DA:94,0
DA:96,0
DA:98,0
DA:100,0
DA:101,0
DA:119,0
DA:120,0
DA:127,0
DA:128,0
DA:131,0
DA:133,0
DA:135,0
DA:136,0
DA:142,0
DA:143,0
DA:147,0
DA:148,0
DA:150,0
DA:151,0
DA:152,0
DA:153,0
DA:154,0
DA:155,0
DA:156,0
DA:158,0
DA:163,0
DA:164,0
DA:165,0
DA:168,0
DA:170,0
DA:171,0
DA:179,0
LF:58
LH:0
BRDA:29,0,0,0
BRDA:29,0,1,0
BRDA:60,1,0,0
BRDA:64,2,0,0
BRDA:68,3,0,0
BRDA:74,4,0,0
BRDA:78,5,0,0
BRDA:86,6,0,0
BRDA:90,7,0,0
BRDA:127,8,0,0
BRDA:143,9,0,0
BRDA:143,9,1,0
BRDA:151,10,0,0
BRDA:152,11,0,0
BRDA:152,11,1,0
BRDA:163,12,0,0
BRF:16
BRH:0
end_of_record
TN:
SF:src\backend\core\events\events.module.ts
FNF:0
FNH:0
DA:6,0
DA:14,0
LF:2
LH:0
BRF:0
BRH:0
end_of_record
TN:
SF:src\backend\core\monitoring\monitoring.controller.ts
FN:11,(anonymous_6)
FN:14,(anonymous_7)
FN:19,(anonymous_8)
FN:27,(anonymous_9)
FN:35,(anonymous_10)
FNF:5
FNH:0
FNDA:0,(anonymous_6)
FNDA:0,(anonymous_7)
FNDA:0,(anonymous_8)
FNDA:0,(anonymous_9)
FNDA:0,(anonymous_10)
DA:7,0
DA:10,0
DA:11,0
DA:13,0
DA:14,0
DA:15,0
DA:18,0
DA:19,0
DA:23,0
DA:26,0
DA:27,0
DA:31,0
DA:34,0
DA:35,0
DA:36,0
LF:15
LH:0
BRF:0
BRH:0
end_of_record
TN:
SF:src\backend\core\monitoring\monitoring.module.ts
FNF:0
FNH:0
DA:9,0
DA:19,0
LF:2
LH:0
BRF:0
BRH:0
end_of_record
TN:
SF:src\backend\core\notification\notification.controller.ts
FN:11,(anonymous_6)
FN:14,(anonymous_7)
FN:29,(anonymous_8)
FN:37,(anonymous_9)
FNF:4
FNH:0
FNDA:0,(anonymous_6)
FNDA:0,(anonymous_7)
FNDA:0,(anonymous_8)
FNDA:0,(anonymous_9)
DA:7,0
DA:10,0
DA:11,0
DA:13,0
DA:14,0
DA:19,0
DA:25,0
DA:28,0
DA:29,0
DA:32,0
DA:33,0
DA:36,0
DA:37,0
DA:38,0
DA:39,0
LF:15
LH:0
BRDA:15,0,0,0
BRDA:16,1,0,0
BRDA:17,2,0,0
BRDA:30,3,0,0
BRF:4
BRH:0
end_of_record
TN:
SF:src\backend\core\notification\notification.module.ts
FNF:0
FNH:0
DA:13,0
DA:35,0
LF:2
LH:0
BRF:0
BRH:0
end_of_record
TN:
SF:src\backend\core\notification\notification.service.ts
FN:15,(anonymous_6)
FN:20,(anonymous_7)
FN:46,(anonymous_8)
FN:68,(anonymous_9)
FN:74,(anonymous_10)
FN:77,(anonymous_11)
FN:93,(anonymous_12)
FN:105,(anonymous_13)
FN:111,(anonymous_14)
FN:123,(anonymous_15)
FN:129,(anonymous_16)
FN:141,(anonymous_17)
FNF:12
FNH:0
FNDA:0,(anonymous_6)
FNDA:0,(anonymous_7)
FNDA:0,(anonymous_8)
FNDA:0,(anonymous_9)
FNDA:0,(anonymous_10)
FNDA:0,(anonymous_11)
FNDA:0,(anonymous_12)
FNDA:0,(anonymous_13)
FNDA:0,(anonymous_14)
FNDA:0,(anonymous_15)
FNDA:0,(anonymous_16)
FNDA:0,(anonymous_17)
DA:13,0
DA:14,0
DA:17,0
DA:21,0
DA:22,0
DA:24,0
DA:28,0
DA:29,0
DA:32,0
DA:33,0
DA:36,0
DA:43,0
DA:47,0
DA:49,0
DA:60,0
DA:69,0
DA:74,0
DA:78,0
DA:79,0
DA:81,0
DA:83,0
DA:85,0
DA:87,0
DA:89,0
DA:94,0
DA:105,0
DA:106,0
DA:107,0
DA:112,0
DA:123,0
DA:124,0
DA:125,0
DA:130,0
DA:141,0
DA:142,0
DA:143,0
LF:36
LH:0
BRDA:28,0,0,0
BRDA:32,1,0,0
BRDA:79,2,0,0
BRDA:79,2,1,0
BRDA:79,2,2,0
BRDA:79,2,3,0
BRDA:79,2,4,0
BRF:7
BRH:0
end_of_record
TN:
SF:src\backend\core\notification\entities\notification.entity.ts
FN:6,(anonymous_8)
FN:6,(anonymous_10)
FN:12,(anonymous_11)
FN:12,(anonymous_13)
FN:15,(anonymous_14)
FN:15,(anonymous_16)
FN:18,(anonymous_17)
FN:18,(anonymous_19)
FN:21,(anonymous_20)
FN:21,(anonymous_22)
FN:24,(anonymous_23)
FN:24,(anonymous_25)
FN:31,(anonymous_26)
FN:31,(anonymous_28)
FN:34,(anonymous_29)
FN:34,(anonymous_31)
FNF:16
FNH:0
FNDA:0,(anonymous_8)
FNDA:0,(anonymous_10)
FNDA:0,(anonymous_11)
FNDA:0,(anonymous_13)
FNDA:0,(anonymous_14)
FNDA:0,(anonymous_16)
FNDA:0,(anonymous_17)
FNDA:0,(anonymous_19)
FNDA:0,(anonymous_20)
FNDA:0,(anonymous_22)
FNDA:0,(anonymous_23)
FNDA:0,(anonymous_25)
FNDA:0,(anonymous_26)
FNDA:0,(anonymous_28)
FNDA:0,(anonymous_29)
FNDA:0,(anonymous_31)
DA:3,0
DA:4,0
DA:5,0
DA:6,0
DA:8,0
DA:12,0
DA:14,0
DA:15,0
DA:17,0
DA:18,0
DA:20,0
DA:21,0
DA:23,0
DA:24,0
DA:26,0
DA:31,0
DA:33,0
DA:34,0
LF:18
LH:0
BRF:0
BRH:0
end_of_record
TN:
SF:src\backend\core\rfq\ai-matching.service.ts
FN:13,(anonymous_6)
FN:24,(anonymous_7)
FN:33,(anonymous_8)
FN:38,(anonymous_9)
FN:60,(anonymous_10)
FN:61,(anonymous_11)
FN:71,(anonymous_12)
FN:74,(anonymous_13)
FN:109,(anonymous_14)
FN:119,(anonymous_15)
FN:132,(anonymous_16)
FN:144,(anonymous_17)
FN:151,(anonymous_18)
FN:155,(anonymous_19)
FN:158,(anonymous_20)
FN:171,(anonymous_21)
FN:204,(anonymous_22)
FN:212,(anonymous_23)
FN:220,(anonymous_24)
FN:231,(anonymous_25)
FN:242,(anonymous_26)
FN:253,(anonymous_27)
FNF:22
FNH:0
FNDA:0,(anonymous_6)
FNDA:0,(anonymous_7)
FNDA:0,(anonymous_8)
FNDA:0,(anonymous_9)
FNDA:0,(anonymous_10)
FNDA:0,(anonymous_11)
FNDA:0,(anonymous_12)
FNDA:0,(anonymous_13)
FNDA:0,(anonymous_14)
FNDA:0,(anonymous_15)
FNDA:0,(anonymous_16)
FNDA:0,(anonymous_17)
FNDA:0,(anonymous_18)
FNDA:0,(anonymous_19)
FNDA:0,(anonymous_20)
FNDA:0,(anonymous_21)
FNDA:0,(anonymous_22)
FNDA:0,(anonymous_23)
FNDA:0,(anonymous_24)
FNDA:0,(anonymous_25)
FNDA:0,(anonymous_26)
FNDA:0,(anonymous_27)
DA:8,0
DA:9,0
DA:10,0
DA:14,0
DA:15,0
DA:16,0
DA:18,0
DA:25,0
DA:27,0
DA:32,0
DA:33,0
DA:37,0
DA:39,0
DA:40,0
DA:46,0
DA:51,0
DA:59,0
DA:60,0
DA:61,0
DA:63,0
DA:64,0
DA:72,0
DA:73,0
DA:76,0
DA:81,0
DA:86,0
DA:92,0
DA:95,0
DA:97,0
DA:109,0
DA:111,0
DA:112,0
DA:120,0
DA:133,0
DA:148,0
DA:150,0
DA:151,0
DA:154,0
DA:155,0
DA:157,0
DA:158,0
DA:161,0
DA:163,0
DA:164,0
DA:175,0
DA:178,0
DA:181,0
DA:184,0
DA:188,0
DA:191,0
DA:195,0
DA:198,0
DA:206,0
DA:214,0
DA:225,0
DA:236,0
DA:247,0
DA:255,0
LF:58
LH:0
BRDA:125,0,0,0
BRDA:125,0,1,0
BRDA:137,1,0,0
BRDA:137,1,1,0
BRF:4
BRH:0
end_of_record
TN:
SF:src\backend\core\rfq\rfq.controller.ts
FN:28,(anonymous_6)
FN:32,(anonymous_7)
FN:45,(anonymous_8)
FN:72,(anonymous_9)
FN:85,(anonymous_10)
FN:102,(anonymous_11)
FN:115,(anonymous_12)
FN:128,(anonymous_13)
FN:141,(anonymous_14)
FN:162,(anonymous_15)
FN:175,(anonymous_16)
FN:198,(anonymous_17)
FN:215,(anonymous_18)
FN:228,(anonymous_19)
FNF:14
FNH:0
FNDA:0,(anonymous_6)
FNDA:0,(anonymous_7)
FNDA:0,(anonymous_8)
FNDA:0,(anonymous_9)
FNDA:0,(anonymous_10)
FNDA:0,(anonymous_11)
FNDA:0,(anonymous_12)
FNDA:0,(anonymous_13)
FNDA:0,(anonymous_14)
FNDA:0,(anonymous_15)
FNDA:0,(anonymous_16)
FNDA:0,(anonymous_17)
FNDA:0,(anonymous_18)
FNDA:0,(anonymous_19)
DA:25,0
DA:27,0
DA:28,0
DA:30,0
DA:32,0
DA:33,0
DA:34,0
DA:36,0
DA:43,0
DA:45,0
DA:52,0
DA:53,0
DA:63,0
DA:70,0
DA:72,0
DA:73,0
DA:74,0
DA:76,0
DA:83,0
DA:85,0
DA:90,0
DA:91,0
DA:93,0
DA:100,0
DA:102,0
DA:103,0
DA:104,0
DA:106,0
DA:113,0
DA:115,0
DA:116,0
DA:117,0
DA:119,0
DA:126,0
DA:128,0
DA:129,0
DA:130,0
DA:132,0
DA:139,0
DA:141,0
DA:146,0
DA:147,0
DA:153,0
DA:160,0
DA:162,0
DA:163,0
DA:164,0
DA:166,0
DA:173,0
DA:175,0
DA:181,0
DA:182,0
DA:189,0
DA:196,0
DA:198,0
DA:203,0
DA:204,0
DA:206,0
DA:213,0
DA:215,0
DA:216,0
DA:217,0
DA:219,0
DA:226,0
DA:228,0
DA:229,0
DA:230,0
DA:232,0
LF:68
LH:0
BRDA:37,0,0,0
BRDA:37,0,1,0
BRDA:48,1,0,0
BRDA:49,2,0,0
BRDA:64,3,0,0
BRDA:64,3,1,0
BRDA:77,4,0,0
BRDA:77,4,1,0
BRDA:94,5,0,0
BRDA:94,5,1,0
BRDA:107,6,0,0
BRDA:107,6,1,0
BRDA:120,7,0,0
BRDA:120,7,1,0
BRDA:133,8,0,0
BRDA:133,8,1,0
BRDA:154,9,0,0
BRDA:154,9,1,0
BRDA:167,10,0,0
BRDA:167,10,1,0
BRDA:190,11,0,0
BRDA:190,11,1,0
BRDA:207,12,0,0
BRDA:207,12,1,0
BRDA:220,13,0,0
BRDA:220,13,1,0
BRDA:233,14,0,0
BRDA:233,14,1,0
BRF:28
BRH:0
end_of_record
TN:
SF:src\backend\core\rfq\rfq.module.ts
FNF:0
FNH:0
DA:8,0
DA:17,0
LF:2
LH:0
BRF:0
BRH:0
end_of_record
TN:
SF:src\backend\core\rfq\rfq.service.ts
FN:16,(anonymous_6)
FN:31,(anonymous_7)
FN:44,(anonymous_8)
FN:84,(anonymous_9)
FN:102,(anonymous_10)
FN:103,(anonymous_11)
FN:109,(anonymous_12)
FN:119,(anonymous_13)
FN:130,(anonymous_14)
FN:146,(anonymous_15)
FN:163,(anonymous_16)
FN:195,(anonymous_17)
FN:205,(anonymous_18)
FN:222,(anonymous_19)
FN:237,(anonymous_20)
FN:257,(anonymous_21)
FN:278,(anonymous_22)
FN:287,(anonymous_23)
FNF:18
FNH:0
FNDA:0,(anonymous_6)
FNDA:0,(anonymous_7)
FNDA:0,(anonymous_8)
FNDA:0,(anonymous_9)
FNDA:0,(anonymous_10)
FNDA:0,(anonymous_11)
FNDA:0,(anonymous_12)
FNDA:0,(anonymous_13)
FNDA:0,(anonymous_14)
FNDA:0,(anonymous_15)
FNDA:0,(anonymous_16)
FNDA:0,(anonymous_17)
FNDA:0,(anonymous_18)
FNDA:0,(anonymous_19)
FNDA:0,(anonymous_20)
FNDA:0,(anonymous_21)
FNDA:0,(anonymous_22)
FNDA:0,(anonymous_23)
DA:12,0
DA:13,0
DA:14,0
DA:18,0
DA:20,0
DA:21,0
DA:22,0
DA:23,0
DA:24,0
DA:25,0
DA:41,0
DA:43,0
DA:44,0
DA:51,0
DA:58,0
DA:61,0
DA:64,0
DA:67,0
DA:74,0
DA:76,0
DA:77,0
DA:85,0
DA:86,0
DA:92,0
DA:98,0
DA:101,0
DA:102,0
DA:103,0
DA:107,0
DA:109,0
DA:111,0
DA:112,0
DA:127,0
DA:129,0
DA:130,0
DA:137,0
DA:145,0
DA:146,0
DA:150,0
DA:153,0
DA:155,0
DA:156,0
DA:164,0
DA:165,0
DA:171,0
DA:174,0
DA:180,0
DA:183,0
DA:185,0
DA:187,0
DA:188,0
DA:196,0
DA:197,0
DA:203,0
DA:204,0
DA:205,0
DA:212,0
DA:214,0
DA:215,0
DA:223,0
DA:224,0
DA:227,0
DA:230,0
DA:232,0
DA:233,0
DA:238,0
DA:239,0
DA:240,0
DA:243,0
DA:250,0
DA:252,0
DA:253,0
DA:258,0
DA:259,0
DA:260,0
DA:263,0
DA:271,0
DA:273,0
DA:274,0
DA:279,0
DA:280,0
DA:282,0
DA:283,0
DA:288,0
DA:289,0
DA:291,0
DA:292,0
LF:87
LH:0
BRDA:203,0,0,0
BRF:1
BRH:0
end_of_record
TN:
SF:src\backend\core\rfq\dto\create-rfq.dto.ts
FN:28,(anonymous_7)
FN:7,(anonymous_8)
FN:7,(anonymous_10)
FN:10,(anonymous_11)
FN:10,(anonymous_13)
FN:14,(anonymous_14)
FN:14,(anonymous_16)
FN:17,(anonymous_17)
FN:17,(anonymous_19)
FN:21,(anonymous_20)
FN:21,(anonymous_22)
FN:25,(anonymous_23)
FN:25,(anonymous_25)
FN:30,(anonymous_26)
FN:30,(anonymous_28)
FN:33,(anonymous_29)
FN:33,(anonymous_31)
FNF:17
FNH:0
FNDA:0,(anonymous_7)
FNDA:0,(anonymous_8)
FNDA:0,(anonymous_10)
FNDA:0,(anonymous_11)
FNDA:0,(anonymous_13)
FNDA:0,(anonymous_14)
FNDA:0,(anonymous_16)
FNDA:0,(anonymous_17)
FNDA:0,(anonymous_19)
FNDA:0,(anonymous_20)
FNDA:0,(anonymous_22)
FNDA:0,(anonymous_23)
FNDA:0,(anonymous_25)
FNDA:0,(anonymous_26)
FNDA:0,(anonymous_28)
FNDA:0,(anonymous_29)
FNDA:0,(anonymous_31)
DA:6,0
DA:7,0
DA:9,0
DA:10,0
DA:12,0
DA:14,0
DA:16,0
DA:17,0
DA:19,0
DA:21,0
DA:23,0
DA:25,0
DA:27,0
DA:28,0
DA:30,0
DA:32,0
DA:33,0
LF:17
LH:0
BRF:0
BRH:0
end_of_record
TN:
SF:src\backend\core\rfq\dto\submit-proposal.dto.ts
FN:5,(anonymous_7)
FN:5,(anonymous_9)
FN:8,(anonymous_10)
FN:8,(anonymous_12)
FN:11,(anonymous_13)
FN:11,(anonymous_15)
FN:15,(anonymous_16)
FN:15,(anonymous_18)
FN:19,(anonymous_19)
FN:19,(anonymous_21)
FNF:10
FNH:0
FNDA:0,(anonymous_7)
FNDA:0,(anonymous_9)
FNDA:0,(anonymous_10)
FNDA:0,(anonymous_12)
FNDA:0,(anonymous_13)
FNDA:0,(anonymous_15)
FNDA:0,(anonymous_16)
FNDA:0,(anonymous_18)
FNDA:0,(anonymous_19)
FNDA:0,(anonymous_21)
DA:4,0
DA:5,0
DA:7,0
DA:8,0
DA:10,0
DA:11,0
DA:13,0
DA:15,0
DA:17,0
DA:19,0
LF:10
LH:0
BRF:0
BRH:0
end_of_record
TN:
SF:src\backend\core\rfq\dto\update-rfq.dto.ts
FN:36,(anonymous_7)
FN:8,(anonymous_8)
FN:8,(anonymous_10)
FN:12,(anonymous_11)
FN:12,(anonymous_13)
FN:17,(anonymous_14)
FN:17,(anonymous_16)
FN:21,(anonymous_17)
FN:21,(anonymous_19)
FN:25,(anonymous_20)
FN:25,(anonymous_22)
FN:29,(anonymous_23)
FN:29,(anonymous_25)
FN:33,(anonymous_26)
FN:33,(anonymous_28)
FN:38,(anonymous_29)
FN:38,(anonymous_31)
FN:41,(anonymous_32)
FN:41,(anonymous_34)
FNF:19
FNH:0
FNDA:0,(anonymous_7)
FNDA:0,(anonymous_8)
FNDA:0,(anonymous_10)
FNDA:0,(anonymous_11)
FNDA:0,(anonymous_13)
FNDA:0,(anonymous_14)
FNDA:0,(anonymous_16)
FNDA:0,(anonymous_17)
FNDA:0,(anonymous_19)
FNDA:0,(anonymous_20)
FNDA:0,(anonymous_22)
FNDA:0,(anonymous_23)
FNDA:0,(anonymous_25)
FNDA:0,(anonymous_26)
FNDA:0,(anonymous_28)
FNDA:0,(anonymous_29)
FNDA:0,(anonymous_31)
FNDA:0,(anonymous_32)
FNDA:0,(anonymous_34)
DA:6,0
DA:8,0
DA:10,0
DA:12,0
DA:14,0
DA:17,0
DA:19,0
DA:21,0
DA:23,0
DA:25,0
DA:27,0
DA:29,0
DA:31,0
DA:33,0
DA:35,0
DA:36,0
DA:38,0
DA:40,0
DA:41,0
LF:19
LH:0
BRF:0
BRH:0
end_of_record
TN:
SF:src\backend\core\services\alert.service.ts
FN:12,(anonymous_6)
FN:19,(anonymous_7)
FN:58,(anonymous_8)
FN:71,(anonymous_9)
FN:75,(anonymous_10)
FNF:5
FNH:0
FNDA:0,(anonymous_6)
FNDA:0,(anonymous_7)
FNDA:0,(anonymous_8)
FNDA:0,(anonymous_9)
FNDA:0,(anonymous_10)
DA:8,0
DA:9,0
DA:10,0
DA:13,0
DA:14,0
DA:15,0
DA:16,0
DA:25,0
DA:27,0
DA:28,0
DA:29,0
DA:37,0
DA:47,0
DA:50,0
DA:52,0
DA:54,0
DA:59,0
DA:72,0
DA:76,0
LF:19
LH:0
BRDA:28,0,0,0
BRF:1
BRH:0
end_of_record
TN:
SF:src\backend\core\services\analytics.service.ts
FN:11,(anonymous_6)
FN:16,(anonymous_7)
FN:42,(anonymous_8)
FN:65,(anonymous_9)
FN:87,(anonymous_10)
FN:109,(anonymous_11)
FN:131,(anonymous_12)
FN:152,(anonymous_13)
FNF:8
FNH:0
FNDA:0,(anonymous_6)
FNDA:0,(anonymous_7)
FNDA:0,(anonymous_8)
FNDA:0,(anonymous_9)
FNDA:0,(anonymous_10)
FNDA:0,(anonymous_11)
FNDA:0,(anonymous_12)
FNDA:0,(anonymous_13)
DA:7,0
DA:8,0
DA:9,0
DA:12,0
DA:13,0
DA:17,0
DA:18,0
DA:35,0
DA:37,0
DA:38,0
DA:43,0
DA:44,0
DA:58,0
DA:60,0
DA:61,0
DA:66,0
DA:67,0
DA:80,0
DA:82,0
DA:83,0
DA:88,0
DA:106,0
DA:110,0
DA:128,0
DA:132,0
DA:149,0
DA:153,0
DA:172,0
LF:28
LH:0
BRF:0
BRH:0
end_of_record
TN:
SF:src\backend\core\services\discord.service.ts
FN:10,(anonymous_6)
FN:15,(anonymous_7)
FN:23,(anonymous_8)
FN:35,(anonymous_9)
FN:45,(anonymous_10)
FN:71,(anonymous_11)
FN:84,(anonymous_12)
FN:88,(anonymous_13)
FNF:8
FNH:0
FNDA:0,(anonymous_6)
FNDA:0,(anonymous_7)
FNDA:0,(anonymous_8)
FNDA:0,(anonymous_9)
FNDA:0,(anonymous_10)
FNDA:0,(anonymous_11)
FNDA:0,(anonymous_12)
FNDA:0,(anonymous_13)
DA:6,0
DA:7,0
DA:8,0
DA:11,0
DA:12,0
DA:16,0
DA:17,0
DA:18,0
DA:20,0
DA:24,0
DA:30,0
DA:35,0
DA:51,0
DA:52,0
DA:53,0
DA:54,0
DA:56,0
DA:64,0
DA:66,0
DA:67,0
DA:72,0
DA:85,0
DA:89,0
LF:23
LH:0
BRDA:17,0,0,0
BRDA:35,1,0,0
BRDA:35,1,1,0
BRDA:37,2,0,0
BRDA:37,2,1,0
BRDA:52,3,0,0
BRDA:52,3,1,0
BRDA:52,4,0,0
BRDA:52,4,1,0
BRF:9
BRH:0
end_of_record
TN:
SF:src\backend\core\services\email.service.ts
FN:14,(anonymous_6)
FN:36,(anonymous_7)
FN:40,(anonymous_8)
FN:45,(anonymous_9)
FN:54,(anonymous_10)
FN:74,(anonymous_11)
FN:104,(anonymous_12)
FN:118,(anonymous_13)
FN:122,(anonymous_14)
FNF:9
FNH:0
FNDA:0,(anonymous_6)
FNDA:0,(anonymous_7)
FNDA:0,(anonymous_8)
FNDA:0,(anonymous_9)
FNDA:0,(anonymous_10)
FNDA:0,(anonymous_11)
FNDA:0,(anonymous_12)
FNDA:0,(anonymous_13)
FNDA:0,(anonymous_14)
DA:8,0
DA:9,0
DA:10,0
DA:15,0
DA:16,0
DA:19,0
DA:25,0
DA:37,0
DA:38,0
DA:39,0
DA:40,0
DA:41,0
DA:46,0
DA:52,0
DA:54,0
DA:58,0
DA:81,0
DA:82,0
DA:84,0
DA:85,0
DA:86,0
DA:89,0
DA:96,0
DA:97,0
DA:99,0
DA:100,0
DA:105,0
DA:119,0
DA:123,0
LF:29
LH:0
BRDA:38,0,0,0
BRDA:52,1,0,0
BRDA:52,1,1,0
BRDA:65,2,0,0
BRDA:65,2,1,0
BRDA:84,3,0,0
BRDA:84,3,1,0
BRDA:84,3,2,0
BRDA:85,4,0,0
BRF:9
BRH:0
end_of_record
TN:
SF:src\backend\core\services\event.service.ts
FN:30,(anonymous_6)
FN:41,(anonymous_7)
FN:68,(anonymous_8)
FN:91,(anonymous_9)
FN:95,(anonymous_10)
FN:99,(anonymous_11)
FN:103,(anonymous_12)
FN:107,(anonymous_13)
FN:111,(anonymous_14)
FN:115,(anonymous_15)
FN:119,(anonymous_16)
FN:123,(anonymous_17)
FNF:12
FNH:0
FNDA:0,(anonymous_6)
FNDA:0,(anonymous_7)
FNDA:0,(anonymous_8)
FNDA:0,(anonymous_9)
FNDA:0,(anonymous_10)
FNDA:0,(anonymous_11)
FNDA:0,(anonymous_12)
FNDA:0,(anonymous_13)
FNDA:0,(anonymous_14)
FNDA:0,(anonymous_15)
FNDA:0,(anonymous_16)
FNDA:0,(anonymous_17)
DA:23,0
DA:24,0
DA:25,0
DA:27,0
DA:28,0
DA:31,0
DA:32,0
DA:33,0
DA:35,0
DA:36,0
DA:37,0
DA:42,0
DA:43,0
DA:44,0
DA:45,0
DA:48,0
DA:49,0
DA:69,0
DA:73,0
DA:78,0
DA:79,0
DA:81,0
DA:85,0
DA:86,0
DA:92,0
DA:96,0
DA:100,0
DA:104,0
DA:108,0
DA:112,0
DA:116,0
DA:120,0
DA:124,0
LF:33
LH:0
BRDA:36,0,0,0
BRDA:42,1,0,0
BRF:2
BRH:0
end_of_record
TN:
SF:src\backend\core\services\monitoring.service.ts
FN:12,(anonymous_6)
FN:19,(anonymous_7)
FN:48,(anonymous_8)
FN:68,(anonymous_9)
FN:86,(anonymous_10)
FN:133,(anonymous_11)
FNF:6
FNH:0
FNDA:0,(anonymous_6)
FNDA:0,(anonymous_7)
FNDA:0,(anonymous_8)
FNDA:0,(anonymous_9)
FNDA:0,(anonymous_10)
FNDA:0,(anonymous_11)
DA:8,0
DA:9,0
DA:10,0
DA:14,0
DA:15,0
DA:16,0
DA:25,0
DA:26,0
DA:34,0
DA:36,0
DA:37,0
DA:43,0
DA:44,0
DA:49,0
DA:50,0
DA:60,0
DA:62,0
DA:63,0
DA:64,0
DA:69,0
DA:70,0
DA:80,0
DA:81,0
DA:82,0
DA:87,0
DA:88,0
DA:89,0
DA:103,0
DA:104,0
DA:106,0
DA:107,0
DA:117,0
DA:127,0
DA:128,0
DA:129,0
DA:134,0
DA:135,0
DA:136,0
DA:137,0
DA:141,0
DA:144,0
DA:154,0
DA:162,0
DA:164,0
DA:165,0
DA:166,0
LF:46
LH:0
BRDA:36,0,0,0
BRDA:38,1,0,0
BRDA:38,1,1,0
BRDA:103,2,0,0
BRDA:103,2,1,0
BRDA:104,3,0,0
BRDA:104,3,1,0
BRDA:106,4,0,0
BRDA:136,5,0,0
BRF:9
BRH:0
end_of_record
TN:
SF:src\backend\core\services\realtime.service.ts
FN:22,(anonymous_6)
FN:24,(anonymous_7)
FN:35,(anonymous_8)
FN:42,(anonymous_9)
FN:48,(anonymous_10)
FN:57,(anonymous_11)
FN:61,(anonymous_12)
FN:65,(anonymous_13)
FN:69,(anonymous_14)
FN:70,(anonymous_15)
FN:71,(anonymous_16)
FN:75,(anonymous_17)
FN:81,(anonymous_18)
FN:85,(anonymous_19)
FN:89,(anonymous_20)
FN:93,(anonymous_21)
FN:16,(anonymous_23)
FN:16,(anonymous_25)
FNF:18
FNH:0
FNDA:0,(anonymous_6)
FNDA:0,(anonymous_7)
FNDA:0,(anonymous_8)
FNDA:0,(anonymous_9)
FNDA:0,(anonymous_10)
FNDA:0,(anonymous_11)
FNDA:0,(anonymous_12)
FNDA:0,(anonymous_13)
FNDA:0,(anonymous_14)
FNDA:0,(anonymous_15)
FNDA:0,(anonymous_16)
FNDA:0,(anonymous_17)
FNDA:0,(anonymous_18)
FNDA:0,(anonymous_19)
FNDA:0,(anonymous_20)
FNDA:0,(anonymous_21)
FNDA:0,(anonymous_23)
FNDA:0,(anonymous_25)
DA:8,0
DA:14,0
DA:15,0
DA:16,0
DA:18,0
DA:22,0
DA:26,0
DA:27,0
DA:30,0
DA:31,0
DA:32,0
DA:35,0
DA:36,0
DA:39,0
DA:43,0
DA:44,0
DA:45,0
DA:49,0
DA:50,0
DA:51,0
DA:53,0
DA:58,0
DA:62,0
DA:66,0
DA:70,0
DA:71,0
DA:72,0
DA:75,0
DA:76,0
DA:82,0
DA:86,0
DA:90,0
DA:94,0
LF:33
LH:0
BRF:0
BRH:0
end_of_record
TN:
SF:src\backend\core\services\slack.service.ts
FN:12,(anonymous_6)
FN:23,(anonymous_7)
FN:31,(anonymous_8)
FN:59,(anonymous_9)
FN:87,(anonymous_10)
FN:91,(anonymous_11)
FN:96,(anonymous_12)
FN:124,(anonymous_13)
FN:137,(anonymous_14)
FN:141,(anonymous_15)
FNF:10
FNH:0
FNDA:0,(anonymous_6)
FNDA:0,(anonymous_7)
FNDA:0,(anonymous_8)
FNDA:0,(anonymous_9)
FNDA:0,(anonymous_10)
FNDA:0,(anonymous_11)
FNDA:0,(anonymous_12)
FNDA:0,(anonymous_13)
FNDA:0,(anonymous_14)
FNDA:0,(anonymous_15)
DA:7,0
DA:8,0
DA:9,0
DA:13,0
DA:14,0
DA:17,0
DA:24,0
DA:25,0
DA:26,0
DA:28,0
DA:32,0
DA:38,0
DA:56,0
DA:57,0
DA:59,0
DA:66,0
DA:76,0
DA:88,0
DA:89,0
DA:90,0
DA:91,0
DA:92,0
DA:102,0
DA:103,0
DA:105,0
DA:106,0
DA:107,0
DA:109,0
DA:117,0
DA:119,0
DA:120,0
DA:125,0
DA:138,0
DA:142,0
LF:34
LH:0
BRDA:25,0,0,0
BRDA:56,1,0,0
BRDA:61,2,0,0
BRDA:61,2,1,0
BRDA:89,3,0,0
BRDA:105,4,0,0
BRDA:105,4,1,0
BRDA:105,5,0,0
BRDA:105,5,1,0
BRF:9
BRH:0
end_of_record
TN:
SF:src\backend\core\services\teams.service.ts
FN:10,(anonymous_6)
FN:15,(anonymous_7)
FN:23,(anonymous_8)
FN:52,(anonymous_9)
FN:68,(anonymous_10)
FN:94,(anonymous_11)
FN:107,(anonymous_12)
FN:111,(anonymous_13)
FNF:8
FNH:0
FNDA:0,(anonymous_6)
FNDA:0,(anonymous_7)
FNDA:0,(anonymous_8)
FNDA:0,(anonymous_9)
FNDA:0,(anonymous_10)
FNDA:0,(anonymous_11)
FNDA:0,(anonymous_12)
FNDA:0,(anonymous_13)
DA:6,0
DA:7,0
DA:8,0
DA:11,0
DA:12,0
DA:16,0
DA:17,0
DA:18,0
DA:20,0
DA:24,0
DA:30,0
DA:52,0
DA:74,0
DA:75,0
DA:76,0
DA:77,0
DA:79,0
DA:87,0
DA:89,0
DA:90,0
DA:95,0
DA:108,0
DA:112,0
LF:23
LH:0
BRDA:17,0,0,0
BRDA:50,1,0,0
BRDA:50,1,1,0
BRDA:54,2,0,0
BRDA:54,2,1,0
BRDA:75,3,0,0
BRDA:75,3,1,0
BRDA:75,4,0,0
BRDA:75,4,1,0
BRF:9
BRH:0
end_of_record
TN:
SF:src\backend\core\tests\workflow.test.ts
FN:8,(anonymous_0)
FN:13,(anonymous_1)
FN:29,(anonymous_2)
FN:43,(anonymous_3)
FN:57,(anonymous_4)
FN:71,(anonymous_5)
FNF:6
FNH:0
FNDA:0,(anonymous_0)
FNDA:0,(anonymous_1)
FNDA:0,(anonymous_2)
FNDA:0,(anonymous_3)
FNDA:0,(anonymous_4)
FNDA:0,(anonymous_5)
DA:8,0
DA:13,0
DA:14,0
DA:24,0
DA:25,0
DA:26,0
DA:29,0
DA:30,0
DA:31,0
DA:34,0
DA:35,0
DA:37,0
DA:39,0
DA:40,0
DA:43,0
DA:44,0
DA:45,0
DA:48,0
DA:49,0
DA:51,0
DA:53,0
DA:54,0
DA:57,0
DA:58,0
DA:59,0
DA:62,0
DA:63,0
DA:65,0
DA:67,0
DA:68,0
DA:71,0
DA:72,0
DA:73,0
DA:76,0
DA:77,0
DA:80,0
LF:36
LH:0
BRF:0
BRH:0
end_of_record
TN:
SF:src\config\security.ts
FN:128,(anonymous_0)
FN:134,(anonymous_1)
FN:141,(anonymous_2)
FN:147,(anonymous_3)
FN:155,(anonymous_4)
FN:161,(anonymous_5)
FN:188,(anonymous_6)
FN:197,(anonymous_7)
FN:203,(anonymous_8)
FNF:9
FNH:0
FNDA:0,(anonymous_0)
FNDA:0,(anonymous_1)
FNDA:0,(anonymous_2)
FNDA:0,(anonymous_3)
FNDA:0,(anonymous_4)
FNDA:0,(anonymous_5)
FNDA:0,(anonymous_6)
FNDA:0,(anonymous_7)
FNDA:0,(anonymous_8)
DA:5,0
DA:92,0
DA:99,0
DA:126,0
DA:129,0
DA:130,0
DA:135,0
DA:136,0
DA:137,0
DA:142,0
DA:143,0
DA:148,0
DA:149,0
DA:156,0
DA:157,0
DA:162,0
DA:164,0
DA:165,0
DA:168,0
DA:169,0
DA:172,0
DA:173,0
DA:176,0
DA:177,0
DA:180,0
DA:181,0
DA:184,0
DA:189,0
DA:190,0
DA:198,0
DA:199,0
DA:204,0
DA:205,0
LF:33
LH:0
BRDA:27,0,0,0
BRDA:27,0,1,0
BRDA:64,1,0,0
BRDA:64,1,1,0
BRDA:164,2,0,0
BRDA:168,3,0,0
BRDA:168,4,0,0
BRDA:168,4,1,0
BRDA:172,5,0,0
BRDA:172,6,0,0
BRDA:172,6,1,0
BRDA:176,7,0,0
BRDA:176,8,0,0
BRDA:176,8,1,0
BRDA:180,9,0,0
BRDA:180,10,0,0
BRDA:180,10,1,0
BRF:17
BRH:0
end_of_record
TN:
SF:src\controllers\analytics.controller.ts
FN:11,(anonymous_0)
FN:23,(anonymous_1)
FN:34,(anonymous_2)
FN:45,(anonymous_3)
FN:57,(anonymous_4)
FNF:5
FNH:0
FNDA:0,(anonymous_0)
FNDA:0,(anonymous_1)
FNDA:0,(anonymous_2)
FNDA:0,(anonymous_3)
FNDA:0,(anonymous_4)
DA:7,0
DA:12,0
DA:13,0
DA:14,0
DA:15,0
DA:17,0
DA:18,0
DA:24,0
DA:25,0
DA:26,0
DA:28,0
DA:29,0
DA:35,0
DA:36,0
DA:37,0
DA:39,0
DA:40,0
DA:46,0
DA:47,0
DA:48,0
DA:49,0
DA:51,0
DA:52,0
DA:58,0
DA:59,0
DA:60,0
DA:61,0
DA:62,0
DA:65,0
DA:68,0
DA:70,0
DA:71,0
DA:72,0
DA:74,0
DA:75,0
DA:76,0
DA:78,0
DA:79,0
DA:80,0
DA:83,0
DA:85,0
DA:86,0
LF:42
LH:0
BRDA:60,0,0,0
BRDA:60,1,0,0
BRDA:60,1,1,0
BRDA:68,2,0,0
BRDA:68,2,1,0
BRDA:68,2,2,0
BRF:6
BRH:0
end_of_record
TN:
SF:src\controllers\payment.controller.ts
FN:12,(anonymous_0)
FN:24,(anonymous_1)
FN:36,(anonymous_2)
FN:49,(anonymous_3)
FN:61,(anonymous_4)
FN:73,(anonymous_5)
FN:86,(anonymous_6)
FN:98,(anonymous_7)
FNF:8
FNH:0
FNDA:0,(anonymous_0)
FNDA:0,(anonymous_1)
FNDA:0,(anonymous_2)
FNDA:0,(anonymous_3)
FNDA:0,(anonymous_4)
FNDA:0,(anonymous_5)
FNDA:0,(anonymous_6)
FNDA:0,(anonymous_7)
DA:8,0
DA:13,0
DA:14,0
DA:15,0
DA:16,0
DA:18,0
DA:19,0
DA:25,0
DA:26,0
DA:27,0
DA:28,0
DA:30,0
DA:31,0
DA:37,0
DA:38,0
DA:39,0
DA:40,0
DA:41,0
DA:43,0
DA:44,0
DA:50,0
DA:51,0
DA:52,0
DA:53,0
DA:55,0
DA:56,0
DA:62,0
DA:63,0
DA:64,0
DA:65,0
DA:67,0
DA:68,0
DA:74,0
DA:75,0
DA:76,0
DA:77,0
DA:78,0
DA:80,0
DA:81,0
DA:87,0
DA:88,0
DA:89,0
DA:90,0
DA:92,0
DA:93,0
DA:99,0
DA:100,0
DA:101,0
DA:102,0
DA:103,0
DA:106,0
DA:112,0
DA:113,0
DA:115,0
DA:116,0
LF:55
LH:0
BRDA:101,0,0,0
BRF:1
BRH:0
end_of_record
TN:
SF:src\hooks\useOptimizedFetch.ts
FN:35,useOptimizedFetch
FN:64,(anonymous_1)
FN:69,(anonymous_2)
FN:77,(anonymous_3)
FN:102,(anonymous_4)
FN:110,(anonymous_5)
FN:121,(anonymous_6)
FN:153,(anonymous_7)
FN:175,(anonymous_8)
FN:186,(anonymous_9)
FN:187,(anonymous_10)
FN:189,(anonymous_11)
FN:196,(anonymous_12)
FN:205,(anonymous_13)
FN:218,(anonymous_14)
FNF:15
FNH:0
FNDA:0,useOptimizedFetch
FNDA:0,(anonymous_1)
FNDA:0,(anonymous_2)
FNDA:0,(anonymous_3)
FNDA:0,(anonymous_4)
FNDA:0,(anonymous_5)
FNDA:0,(anonymous_6)
FNDA:0,(anonymous_7)
FNDA:0,(anonymous_8)
FNDA:0,(anonymous_9)
FNDA:0,(anonymous_10)
FNDA:0,(anonymous_11)
FNDA:0,(anonymous_12)
FNDA:0,(anonymous_13)
FNDA:0,(anonymous_14)
DA:22,0
DA:25,0
DA:28,0
DA:53,0
DA:55,0
DA:56,0
DA:57,0
DA:58,0
DA:60,0
DA:61,0
DA:64,0
DA:65,0
DA:69,0
DA:71,0
DA:72,0
DA:76,0
DA:77,0
DA:78,0
DA:83,0
DA:85,0
DA:87,0
DA:88,0
DA:91,0
DA:94,0
DA:95,0
DA:102,0
DA:104,0
DA:106,0
DA:109,0
DA:110,0
DA:113,0
DA:116,0
DA:121,0
DA:122,0
DA:124,0
DA:125,0
DA:127,0
DA:128,0
DA:130,0
DA:131,0
DA:132,0
DA:135,0
DA:137,0
DA:139,0
DA:140,0
DA:141,0
DA:144,0
DA:146,0
DA:147,0
DA:153,0
DA:154,0
DA:157,0
DA:158,0
DA:161,0
DA:162,0
DA:166,0
DA:167,0
DA:171,0
DA:175,0
DA:176,0
DA:179,0
DA:180,0
DA:186,0
DA:187,0
DA:188,0
DA:189,0
DA:190,0
DA:191,0
DA:196,0
DA:199,0
DA:206,0
DA:207,0
DA:208,0
DA:213,0
DA:214,0
DA:216,0
DA:219,0
DA:220,0
LF:78
LH:0
BRDA:37,0,0,0
BRDA:48,1,0,0
BRDA:49,2,0,0
BRDA:50,3,0,0
BRDA:71,4,0,0
BRDA:71,5,0,0
BRDA:71,5,1,0
BRDA:76,6,0,0
BRDA:106,7,0,0
BRDA:106,7,1,0
BRDA:109,8,0,0
BRDA:122,9,0,0
BRDA:130,10,0,0
BRDA:137,11,0,0
BRDA:137,11,1,0
BRDA:139,12,0,0
BRDA:146,13,0,0
BRDA:154,14,0,0
BRDA:157,15,0,0
BRDA:157,15,1,0
BRDA:161,16,0,0
BRDA:166,17,0,0
BRDA:166,18,0,0
BRDA:166,18,1,0
BRDA:179,19,0,0
BRDA:190,20,0,0
BRDA:206,21,0,0
BRF:27
BRH:0
end_of_record
TN:
SF:src\hooks\useWorker.ts
FN:13,useWorker
FN:22,(anonymous_1)
FN:26,(anonymous_2)
FN:32,(anonymous_3)
FN:44,(anonymous_4)
FN:50,(anonymous_5)
FN:58,(anonymous_6)
FN:69,(anonymous_7)
FN:70,(anonymous_8)
FN:78,(anonymous_9)
FN:83,(anonymous_10)
FN:101,(anonymous_11)
FN:109,(anonymous_12)
FNF:13
FNH:0
FNDA:0,useWorker
FNDA:0,(anonymous_1)
FNDA:0,(anonymous_2)
FNDA:0,(anonymous_3)
FNDA:0,(anonymous_4)
FNDA:0,(anonymous_5)
FNDA:0,(anonymous_6)
FNDA:0,(anonymous_7)
FNDA:0,(anonymous_8)
FNDA:0,(anonymous_9)
FNDA:0,(anonymous_10)
FNDA:0,(anonymous_11)
FNDA:0,(anonymous_12)
DA:17,0
DA:18,0
DA:19,0
DA:22,0
DA:23,0
DA:24,0
DA:26,0
DA:27,0
DA:28,0
DA:32,0
DA:33,0
DA:34,0
DA:35,0
DA:39,0
DA:40,0
DA:43,0
DA:44,0
DA:45,0
DA:47,0
DA:50,0
DA:51,0
DA:52,0
DA:53,0
DA:58,0
DA:59,0
DA:60,0
DA:63,0
DA:68,0
DA:70,0
DA:71,0
DA:72,0
DA:73,0
DA:76,0
DA:78,0
DA:79,0
DA:80,0
DA:83,0
DA:84,0
DA:85,0
DA:88,0
DA:101,0
DA:102,0
DA:103,0
DA:104,0
DA:108,0
DA:109,0
LF:46
LH:0
BRDA:15,0,0,0
BRDA:27,1,0,0
BRDA:34,2,0,0
BRDA:43,3,0,0
BRDA:59,4,0,0
BRDA:59,4,1,0
BRDA:71,5,0,0
BRDA:102,6,0,0
BRF:8
BRH:0
end_of_record
TN:
SF:src\middleware\analytics.middleware.ts
FN:9,(anonymous_0)
FN:26,(anonymous_1)
FN:33,(anonymous_2)
FN:47,(anonymous_3)
FN:58,(anonymous_4)
FN:88,(anonymous_5)
FN:91,(anonymous_6)
FN:104,(anonymous_7)
FNF:8
FNH:0
FNDA:0,(anonymous_0)
FNDA:0,(anonymous_1)
FNDA:0,(anonymous_2)
FNDA:0,(anonymous_3)
FNDA:0,(anonymous_4)
FNDA:0,(anonymous_5)
FNDA:0,(anonymous_6)
FNDA:0,(anonymous_7)
DA:7,0
DA:9,0
DA:10,0
DA:11,0
DA:12,0
DA:19,0
DA:21,0
DA:22,0
DA:26,0
DA:27,0
DA:30,0
DA:33,0
DA:34,0
DA:37,0
DA:48,0
DA:52,0
DA:55,0
DA:58,0
DA:59,0
DA:60,0
DA:61,0
DA:70,0
DA:82,0
DA:85,0
DA:88,0
DA:89,0
DA:91,0
DA:92,0
DA:93,0
DA:96,0
DA:105,0
DA:109,0
LF:32
LH:0
BRDA:11,0,0,0
BRDA:60,1,0,0
BRF:2
BRH:0
end_of_record
TN:
SF:src\middleware\n8nAuth.ts
FN:18,(anonymous_0)
FN:23,(anonymous_1)
FN:38,(anonymous_2)
FN:56,(anonymous_3)
FN:82,(anonymous_4)
FN:122,(anonymous_5)
FN:125,(anonymous_6)
FN:142,(anonymous_7)
FN:156,(anonymous_8)
FN:167,(anonymous_9)
FN:168,(anonymous_10)
FN:180,(anonymous_11)
FN:108,(anonymous_12)
FNF:13
FNH:0
FNDA:0,(anonymous_0)
FNDA:0,(anonymous_1)
FNDA:0,(anonymous_2)
FNDA:0,(anonymous_3)
FNDA:0,(anonymous_4)
FNDA:0,(anonymous_5)
FNDA:0,(anonymous_6)
FNDA:0,(anonymous_7)
FNDA:0,(anonymous_8)
FNDA:0,(anonymous_9)
FNDA:0,(anonymous_10)
FNDA:0,(anonymous_11)
FNDA:0,(anonymous_12)
DA:19,0
DA:23,0
DA:24,0
DA:26,0
DA:27,0
DA:31,0
DA:34,0
DA:38,0
DA:39,0
DA:41,0
DA:42,0
DA:45,0
DA:46,0
DA:47,0
DA:48,0
DA:50,0
DA:51,0
DA:56,0
DA:57,0
DA:59,0
DA:60,0
DA:62,0
DA:63,0
DA:66,0
DA:67,0
DA:71,0
DA:74,0
DA:76,0
DA:77,0
DA:82,0
DA:83,0
DA:85,0
DA:86,0
DA:89,0
DA:90,0
DA:92,0
DA:93,0
DA:97,0
DA:100,0
DA:102,0
DA:103,0
DA:109,0
DA:110,0
DA:111,0
DA:115,0
DA:122,0
DA:123,0
DA:125,0
DA:126,0
DA:128,0
DA:138,0
DA:142,0
DA:143,0
DA:144,0
DA:145,0
DA:146,0
DA:148,0
DA:149,0
DA:152,0
DA:156,0
DA:157,0
DA:158,0
DA:159,0
DA:160,0
DA:161,0
DA:163,0
DA:167,0
DA:168,0
DA:169,0
DA:170,0
DA:171,0
DA:173,0
DA:174,0
DA:180,0
DA:181,0
DA:187,0
LF:76
LH:0
BRDA:26,0,0,0
BRDA:26,1,0,0
BRDA:26,1,1,0
BRDA:41,2,0,0
BRDA:62,3,0,0
BRDA:66,4,0,0
BRDA:85,5,0,0
BRDA:92,6,0,0
BRDA:148,7,0,0
BRDA:189,8,0,0
BRDA:189,8,1,0
BRF:11
BRH:0
end_of_record
TN:
SF:src\middleware\securityMiddleware.ts
FN:9,(anonymous_0)
FN:14,(anonymous_1)
FN:36,(anonymous_2)
FN:55,(anonymous_3)
FN:74,(anonymous_4)
FN:101,(anonymous_5)
FN:104,(anonymous_6)
FN:112,(anonymous_7)
FN:127,(anonymous_8)
FN:129,(anonymous_9)
FN:141,(anonymous_10)
FN:158,(anonymous_11)
FN:161,(anonymous_12)
FN:190,(anonymous_13)
FN:210,(anonymous_14)
FNF:15
FNH:0
FNDA:0,(anonymous_0)
FNDA:0,(anonymous_1)
FNDA:0,(anonymous_2)
FNDA:0,(anonymous_3)
FNDA:0,(anonymous_4)
FNDA:0,(anonymous_5)
FNDA:0,(anonymous_6)
FNDA:0,(anonymous_7)
FNDA:0,(anonymous_8)
FNDA:0,(anonymous_9)
FNDA:0,(anonymous_10)
FNDA:0,(anonymous_11)
FNDA:0,(anonymous_12)
FNDA:0,(anonymous_13)
FNDA:0,(anonymous_14)
DA:10,0
DA:14,0
DA:15,0
DA:16,0
DA:18,0
DA:19,0
DA:22,0
DA:24,0
DA:25,0
DA:28,0
DA:30,0
DA:31,0
DA:36,0
DA:37,0
DA:38,0
DA:40,0
DA:41,0
DA:44,0
DA:45,0
DA:47,0
DA:49,0
DA:50,0
DA:55,0
DA:56,0
DA:57,0
DA:58,0
DA:60,0
DA:62,0
DA:63,0
DA:66,0
DA:68,0
DA:69,0
DA:74,0
DA:75,0
DA:76,0
DA:77,0
DA:80,0
DA:81,0
DA:83,0
DA:84,0
DA:87,0
DA:89,0
DA:90,0
DA:93,0
DA:95,0
DA:96,0
DA:101,0
DA:102,0
DA:103,0
DA:104,0
DA:105,0
DA:106,0
DA:111,0
DA:112,0
DA:113,0
DA:114,0
DA:119,0
DA:121,0
DA:122,0
DA:127,0
DA:128,0
DA:129,0
DA:130,0
DA:133,0
DA:135,0
DA:136,0
DA:141,0
DA:142,0
DA:143,0
DA:144,0
DA:146,0
DA:147,0
DA:150,0
DA:152,0
DA:153,0
DA:158,0
DA:159,0
DA:160,0
DA:161,0
DA:162,0
DA:163,0
DA:165,0
DA:177,0
DA:179,0
DA:182,0
DA:184,0
DA:185,0
DA:190,0
DA:191,0
DA:192,0
DA:193,0
DA:196,0
DA:198,0
DA:199,0
DA:202,0
DA:204,0
DA:205,0
DA:210,0
DA:211,0
DA:212,0
DA:216,0
LF:101
LH:0
BRDA:18,0,0,0
BRDA:24,1,0,0
BRDA:40,2,0,0
BRDA:62,3,0,0
BRDA:76,4,0,0
BRDA:83,5,0,0
BRDA:83,6,0,0
BRDA:83,6,1,0
BRDA:89,7,0,0
BRDA:103,8,0,0
BRDA:105,9,0,0
BRDA:111,10,0,0
BRDA:113,11,0,0
BRDA:146,12,0,0
BRDA:167,13,0,0
BRDA:167,13,1,0
BRDA:192,14,0,0
BRDA:198,15,0,0
BRF:18
BRH:0
end_of_record
TN:
SF:src\middleware\validation.ts
FN:4,(anonymous_0)
FNF:1
FNH:0
FNDA:0,(anonymous_0)
DA:4,0
DA:5,0
DA:6,0
DA:9,0
DA:10,0
DA:11,0
DA:15,0
DA:16,0
DA:17,0
DA:21,0
DA:22,0
DA:23,0
DA:26,0
DA:28,0
DA:29,0
LF:15
LH:0
BRDA:9,0,0,0
BRDA:9,1,0,0
BRDA:9,1,1,0
BRDA:9,1,2,0
BRDA:15,2,0,0
BRDA:15,3,0,0
BRDA:15,3,1,0
BRDA:21,4,0,0
BRDA:21,5,0,0
BRDA:21,5,1,0
BRF:10
BRH:0
end_of_record
TN:
SF:src\models\Conversation.ts
FN:110,(anonymous_0)
FN:116,(anonymous_1)
FN:133,(anonymous_2)
FN:142,(anonymous_3)
FN:148,(anonymous_4)
FN:158,(anonymous_5)
FN:166,(anonymous_6)
FNF:7
FNH:0
FNDA:0,(anonymous_0)
FNDA:0,(anonymous_1)
FNDA:0,(anonymous_2)
FNDA:0,(anonymous_3)
FNDA:0,(anonymous_4)
FNDA:0,(anonymous_5)
FNDA:0,(anonymous_6)
DA:31,0
DA:104,0
DA:105,0
DA:106,0
DA:107,0
DA:110,0
DA:111,0
DA:112,0
DA:116,0
DA:126,0
DA:130,0
DA:133,0
DA:134,0
DA:135,0
DA:136,0
DA:137,0
DA:139,0
DA:142,0
DA:143,0
DA:144,0
DA:145,0
DA:148,0
DA:149,0
DA:154,0
DA:158,0
DA:159,0
DA:166,0
DA:167,0
DA:172,0
LF:29
LH:0
BRDA:136,0,0,0
BRF:1
BRH:0
end_of_record
TN:
SF:src\models\Settings.ts
FN:17,(anonymous_0)
FN:52,(anonymous_1)
FN:58,(anonymous_2)
FN:63,(anonymous_3)
FN:67,(anonymous_4)
FN:73,(anonymous_5)
FN:81,(anonymous_6)
FN:140,(anonymous_7)
FN:152,(anonymous_8)
FNF:9
FNH:0
FNDA:0,(anonymous_0)
FNDA:0,(anonymous_1)
FNDA:0,(anonymous_2)
FNDA:0,(anonymous_3)
FNDA:0,(anonymous_4)
FNDA:0,(anonymous_5)
FNDA:0,(anonymous_6)
FNDA:0,(anonymous_7)
FNDA:0,(anonymous_8)
DA:14,0
DA:18,0
DA:48,0
DA:49,0
DA:52,0
DA:53,0
DA:54,0
DA:58,0
DA:59,0
DA:60,0
DA:63,0
DA:64,0
DA:67,0
DA:68,0
DA:69,0
DA:73,0
DA:74,0
DA:75,0
DA:76,0
DA:78,0
DA:81,0
DA:82,0
DA:83,0
DA:84,0
DA:86,0
DA:90,0
DA:116,0
DA:140,0
DA:142,0
DA:143,0
DA:152,0
DA:153,0
DA:154,0
DA:162,0
LF:34
LH:0
BRDA:75,0,0,0
BRDA:83,1,0,0
BRF:2
BRH:0
end_of_record
TN:
SF:src\routes\analytics.routes.ts
FNF:0
FNH:0
DA:6,0
DA:7,0
DA:10,0
DA:16,0
DA:19,0
DA:22,0
DA:25,0
DA:28,0
DA:31,0
LF:9
LH:0
BRF:0
BRH:0
end_of_record
TN:
SF:src\routes\chatbot.ts
FN:26,(anonymous_0)
FN:87,(anonymous_1)
FN:99,(anonymous_2)
FN:109,(anonymous_3)
FN:120,(anonymous_4)
FN:147,(anonymous_5)
FN:171,(anonymous_6)
FN:200,(anonymous_7)
FN:217,(anonymous_8)
FNF:9
FNH:0
FNDA:0,(anonymous_0)
FNDA:0,(anonymous_1)
FNDA:0,(anonymous_2)
FNDA:0,(anonymous_3)
FNDA:0,(anonymous_4)
FNDA:0,(anonymous_5)
FNDA:0,(anonymous_6)
FNDA:0,(anonymous_7)
FNDA:0,(anonymous_8)
DA:8,0
DA:9,0
DA:12,0
DA:27,0
DA:28,0
DA:31,0
DA:32,0
DA:33,0
DA:41,0
DA:44,0
DA:55,0
DA:64,0
DA:66,0
DA:67,0
DA:73,0
DA:88,0
DA:89,0
DA:90,0
DA:91,0
DA:93,0
DA:94,0
DA:99,0
DA:100,0
DA:101,0
DA:102,0
DA:104,0
DA:105,0
DA:109,0
DA:110,0
DA:111,0
DA:112,0
DA:114,0
DA:115,0
DA:120,0
DA:121,0
DA:122,0
DA:123,0
DA:125,0
DA:126,0
DA:128,0
DA:133,0
DA:135,0
DA:142,0
DA:143,0
DA:147,0
DA:148,0
DA:149,0
DA:150,0
DA:151,0
DA:153,0
DA:155,0
DA:156,0
DA:160,0
DA:172,0
DA:173,0
DA:174,0
DA:175,0
DA:178,0
DA:179,0
DA:181,0
DA:182,0
DA:187,0
DA:201,0
DA:202,0
DA:203,0
DA:204,0
DA:207,0
DA:208,0
DA:210,0
DA:211,0
DA:217,0
DA:218,0
DA:219,0
DA:220,0
DA:224,0
DA:226,0
DA:227,0
LF:77
LH:0
BRDA:32,0,0,0
BRDA:122,1,0,0
BRDA:122,2,0,0
BRDA:125,3,0,0
BRDA:126,4,0,0
BRDA:150,5,0,0
BRDA:174,6,0,0
BRDA:203,7,0,0
BRDA:221,8,0,0
BRDA:221,8,1,0
BRDA:222,9,0,0
BRDA:222,9,1,0
BRF:12
BRH:0
end_of_record
TN:
SF:src\routes\health.ts
FN:8,(anonymous_0)
FN:22,(anonymous_1)
FN:28,(anonymous_2)
FNF:3
FNH:0
FNDA:0,(anonymous_0)
FNDA:0,(anonymous_1)
FNDA:0,(anonymous_2)
DA:4,0
DA:5,0
DA:8,0
DA:9,0
DA:10,0
DA:11,0
DA:13,0
DA:14,0
DA:22,0
DA:23,0
DA:24,0
DA:28,0
DA:29,0
DA:30,0
DA:31,0
DA:39,0
DA:45,0
DA:46,0
LF:18
LH:0
BRDA:11,0,0,0
BRDA:11,0,1,0
BRF:2
BRH:0
end_of_record
TN:
SF:src\routes\payment.routes.ts
FN:17,(anonymous_0)
FNF:1
FNH:0
FNDA:0,(anonymous_0)
DA:7,0
DA:8,0
DA:11,0
DA:17,0
DA:18,0
DA:19,0
DA:21,0
DA:26,0
DA:27,0
DA:30,0
DA:31,0
DA:34,0
DA:35,0
DA:38,0
DA:41,0
LF:15
LH:0
BRDA:18,0,0,0
BRDA:18,0,1,0
BRF:2
BRH:0
end_of_record
TN:
SF:src\routes\voicebot.ts
FN:25,(anonymous_0)
FN:50,(anonymous_1)
FN:62,(anonymous_2)
FN:72,(anonymous_3)
FN:97,(anonymous_4)
FN:109,(anonymous_5)
FN:119,(anonymous_6)
FN:144,(anonymous_7)
FN:155,(anonymous_8)
FN:166,(anonymous_9)
FN:193,(anonymous_10)
FN:207,(anonymous_11)
FNF:12
FNH:0
FNDA:0,(anonymous_0)
FNDA:0,(anonymous_1)
FNDA:0,(anonymous_2)
FNDA:0,(anonymous_3)
FNDA:0,(anonymous_4)
FNDA:0,(anonymous_5)
FNDA:0,(anonymous_6)
FNDA:0,(anonymous_7)
FNDA:0,(anonymous_8)
FNDA:0,(anonymous_9)
FNDA:0,(anonymous_10)
FNDA:0,(anonymous_11)
DA:8,0
DA:9,0
DA:12,0
DA:26,0
DA:27,0
DA:28,0
DA:29,0
DA:31,0
DA:32,0
DA:37,0
DA:51,0
DA:52,0
DA:53,0
DA:54,0
DA:56,0
DA:57,0
DA:62,0
DA:63,0
DA:64,0
DA:65,0
DA:67,0
DA:68,0
DA:72,0
DA:73,0
DA:74,0
DA:75,0
DA:77,0
DA:78,0
DA:83,0
DA:98,0
DA:99,0
DA:100,0
DA:101,0
DA:103,0
DA:104,0
DA:109,0
DA:110,0
DA:111,0
DA:112,0
DA:114,0
DA:115,0
DA:119,0
DA:120,0
DA:121,0
DA:122,0
DA:124,0
DA:125,0
DA:130,0
DA:145,0
DA:146,0
DA:147,0
DA:149,0
DA:150,0
DA:155,0
DA:156,0
DA:157,0
DA:158,0
DA:160,0
DA:161,0
DA:166,0
DA:167,0
DA:168,0
DA:169,0
DA:171,0
DA:172,0
DA:174,0
DA:179,0
DA:181,0
DA:188,0
DA:189,0
DA:193,0
DA:194,0
DA:195,0
DA:196,0
DA:197,0
DA:199,0
DA:201,0
DA:202,0
DA:207,0
DA:208,0
DA:209,0
DA:210,0
DA:214,0
DA:216,0
DA:217,0
LF:85
LH:0
BRDA:168,0,0,0
BRDA:168,1,0,0
BRDA:171,2,0,0
BRDA:172,3,0,0
BRDA:196,4,0,0
BRDA:211,5,0,0
BRDA:211,5,1,0
BRDA:212,6,0,0
BRDA:212,6,1,0
BRF:9
BRH:0
end_of_record
TN:
SF:src\routes\whatsapp.ts
FN:53,(anonymous_0)
FN:96,(anonymous_1)
FN:114,(anonymous_2)
FN:124,(anonymous_3)
FN:148,(anonymous_4)
FN:160,(anonymous_5)
FN:170,(anonymous_6)
FN:181,(anonymous_7)
FNF:8
FNH:0
FNDA:0,(anonymous_0)
FNDA:0,(anonymous_1)
FNDA:0,(anonymous_2)
FNDA:0,(anonymous_3)
FNDA:0,(anonymous_4)
FNDA:0,(anonymous_5)
FNDA:0,(anonymous_6)
FNDA:0,(anonymous_7)
DA:9,0
DA:10,0
DA:14,0
DA:18,0
DA:24,0
DA:54,0
DA:55,0
DA:58,0
DA:60,0
DA:61,0
DA:63,0
DA:64,0
DA:66,0
DA:67,0
DA:69,0
DA:72,0
DA:74,0
DA:75,0
DA:81,0
DA:97,0
DA:98,0
DA:99,0
DA:101,0
DA:102,0
DA:105,0
DA:106,0
DA:108,0
DA:109,0
DA:114,0
DA:115,0
DA:116,0
DA:117,0
DA:119,0
DA:120,0
DA:124,0
DA:125,0
DA:126,0
DA:127,0
DA:129,0
DA:130,0
DA:135,0
DA:149,0
DA:150,0
DA:151,0
DA:152,0
DA:154,0
DA:155,0
DA:160,0
DA:161,0
DA:162,0
DA:163,0
DA:165,0
DA:166,0
DA:170,0
DA:171,0
DA:172,0
DA:173,0
DA:175,0
DA:176,0
DA:181,0
DA:182,0
DA:183,0
DA:186,0
DA:187,0
DA:188,0
DA:192,0
DA:193,0
DA:195,0
DA:196,0
LF:69
LH:0
BRDA:58,0,0,0
BRDA:58,0,1,0
BRDA:58,0,2,0
BRDA:58,0,3,0
BRDA:101,1,0,0
BRDA:187,2,0,0
BRF:6
BRH:0
end_of_record
TN:
SF:src\services\AICategoryService.ts
FN:6,(anonymous_0)
FN:10,(anonymous_1)
FN:32,(anonymous_2)
FNF:3
FNH:0
FNDA:0,(anonymous_0)
FNDA:0,(anonymous_1)
FNDA:0,(anonymous_2)
DA:7,0
DA:11,0
DA:12,0
DA:15,0
DA:20,0
DA:25,0
DA:27,0
DA:28,0
DA:33,0
DA:34,0
DA:38,0
DA:43,0
DA:45,0
DA:46,0
LF:14
LH:0
BRDA:10,0,0,0
BRF:1
BRH:0
end_of_record
TN:
SF:src\services\analytics\AnalyticsService.ts
FN:39,(anonymous_0)
FN:46,(anonymous_1)
FN:70,(anonymous_2)
FN:101,(anonymous_3)
FN:131,(anonymous_4)
FN:161,(anonymous_5)
FN:168,(anonymous_6)
FN:174,(anonymous_7)
FN:180,(anonymous_8)
FN:195,(anonymous_9)
FN:210,(anonymous_10)
FN:219,(anonymous_11)
FN:231,(anonymous_12)
FN:237,(anonymous_13)
FN:242,(anonymous_14)
FN:245,(anonymous_15)
FN:255,(anonymous_16)
FN:256,(anonymous_17)
FN:261,(anonymous_18)
FN:268,(anonymous_19)
FN:271,(anonymous_20)
FN:284,(anonymous_21)
FN:293,(anonymous_22)
FN:306,(anonymous_23)
FN:321,(anonymous_24)
FN:347,(anonymous_25)
FN:352,(anonymous_26)
FN:358,(anonymous_27)
FN:380,(anonymous_28)
FN:432,(anonymous_29)
FN:472,(anonymous_30)
FN:492,(anonymous_31)
FN:512,(anonymous_32)
FN:539,(anonymous_33)
FN:543,(anonymous_34)
FN:543,(anonymous_35)
FN:548,(anonymous_36)
FNF:37
FNH:0
FNDA:0,(anonymous_0)
FNDA:0,(anonymous_1)
FNDA:0,(anonymous_2)
FNDA:0,(anonymous_3)
FNDA:0,(anonymous_4)
FNDA:0,(anonymous_5)
FNDA:0,(anonymous_6)
FNDA:0,(anonymous_7)
FNDA:0,(anonymous_8)
FNDA:0,(anonymous_9)
FNDA:0,(anonymous_10)
FNDA:0,(anonymous_11)
FNDA:0,(anonymous_12)
FNDA:0,(anonymous_13)
FNDA:0,(anonymous_14)
FNDA:0,(anonymous_15)
FNDA:0,(anonymous_16)
FNDA:0,(anonymous_17)
FNDA:0,(anonymous_18)
FNDA:0,(anonymous_19)
FNDA:0,(anonymous_20)
FNDA:0,(anonymous_21)
FNDA:0,(anonymous_22)
FNDA:0,(anonymous_23)
FNDA:0,(anonymous_24)
FNDA:0,(anonymous_25)
FNDA:0,(anonymous_26)
FNDA:0,(anonymous_27)
FNDA:0,(anonymous_28)
FNDA:0,(anonymous_29)
FNDA:0,(anonymous_30)
FNDA:0,(anonymous_31)
FNDA:0,(anonymous_32)
FNDA:0,(anonymous_33)
FNDA:0,(anonymous_34)
FNDA:0,(anonymous_35)
FNDA:0,(anonymous_36)
DA:37,0
DA:40,0
DA:41,0
DA:42,0
DA:47,0
DA:48,0
DA:56,0
DA:61,0
DA:63,0
DA:65,0
DA:66,0
DA:71,0
DA:74,0
DA:75,0
DA:76,0
DA:80,0
DA:87,0
DA:95,0
DA:97,0
DA:102,0
DA:105,0
DA:106,0
DA:107,0
DA:110,0
DA:117,0
DA:125,0
DA:127,0
DA:132,0
DA:135,0
DA:136,0
DA:137,0
DA:140,0
DA:147,0
DA:155,0
DA:157,0
DA:162,0
DA:168,0
DA:169,0
DA:170,0
DA:175,0
DA:181,0
DA:185,0
DA:192,0
DA:196,0
DA:200,0
DA:207,0
DA:211,0
DA:212,0
DA:216,0
DA:220,0
DA:231,0
DA:232,0
DA:233,0
DA:238,0
DA:242,0
DA:246,0
DA:255,0
DA:256,0
DA:257,0
DA:262,0
DA:268,0
DA:272,0
DA:273,0
DA:281,0
DA:285,0
DA:286,0
DA:290,0
DA:294,0
DA:300,0
DA:302,0
DA:303,0
DA:307,0
DA:310,0
DA:311,0
DA:314,0
DA:315,0
DA:317,0
DA:322,0
DA:328,0
DA:335,0
DA:337,0
DA:339,0
DA:341,0
DA:343,0
DA:349,0
DA:354,0
DA:359,0
DA:361,0
DA:367,0
DA:368,0
DA:369,0
DA:372,0
DA:374,0
DA:375,0
DA:381,0
DA:382,0
DA:385,0
DA:386,0
DA:387,0
DA:388,0
DA:389,0
DA:390,0
DA:393,0
DA:396,0
DA:404,0
DA:405,0
DA:415,0
DA:418,0
DA:420,0
DA:426,0
DA:427,0
DA:433,0
DA:434,0
DA:463,0
DA:464,0
DA:466,0
DA:467,0
DA:473,0
DA:474,0
DA:475,0
DA:477,0
DA:478,0
DA:479,0
DA:480,0
DA:484,0
DA:486,0
DA:487,0
DA:493,0
DA:494,0
DA:495,0
DA:497,0
DA:506,0
DA:507,0
DA:513,0
DA:514,0
DA:517,0
DA:519,0
DA:520,0
DA:522,0
DA:523,0
DA:525,0
DA:526,0
DA:528,0
DA:531,0
DA:533,0
DA:534,0
DA:540,0
DA:542,0
DA:543,0
DA:544,0
DA:551,0
LF:151
LH:0
BRDA:75,0,0,0
BRDA:106,1,0,0
BRDA:136,2,0,0
BRDA:300,3,0,0
BRDA:335,4,0,0
BRDA:335,4,1,0
BRDA:335,4,2,0
BRDA:335,4,3,0
BRDA:382,5,0,0
BRDA:382,6,0,0
BRDA:386,7,0,0
BRDA:387,8,0,0
BRDA:388,9,0,0
BRDA:389,10,0,0
BRDA:390,11,0,0
BRDA:404,12,0,0
BRDA:479,13,0,0
BRDA:517,14,0,0
BRDA:517,14,1,0
BRDA:517,14,2,0
BRDA:517,14,3,0
BRDA:540,15,0,0
BRF:22
BRH:0
end_of_record
TN:
SF:src\services\cache\RedisService.ts
FN:15,(anonymous_0)
FN:21,(anonymous_1)
FN:34,(anonymous_2)
FN:38,(anonymous_3)
FN:43,(anonymous_4)
FN:52,(anonymous_5)
FN:58,(anonymous_6)
FN:62,(anonymous_7)
FN:67,(anonymous_8)
FN:71,(anonymous_9)
FN:75,(anonymous_10)
FN:80,(anonymous_11)
FN:86,(anonymous_12)
FN:90,(anonymous_13)
FN:96,(anonymous_14)
FN:100,(anonymous_15)
FN:105,(anonymous_16)
FN:107,(anonymous_17)
FN:115,(anonymous_18)
FN:119,(anonymous_19)
FN:120,(anonymous_20)
FN:124,(anonymous_21)
FN:126,(anonymous_22)
FN:129,(anonymous_23)
FN:134,(anonymous_24)
FN:136,(anonymous_25)
FN:139,(anonymous_26)
FN:144,(anonymous_27)
FN:149,(anonymous_28)
FN:151,(anonymous_29)
FN:154,(anonymous_30)
FN:168,(anonymous_31)
FN:172,(anonymous_32)
FNF:33
FNH:0
FNDA:0,(anonymous_0)
FNDA:0,(anonymous_1)
FNDA:0,(anonymous_2)
FNDA:0,(anonymous_3)
FNDA:0,(anonymous_4)
FNDA:0,(anonymous_5)
FNDA:0,(anonymous_6)
FNDA:0,(anonymous_7)
FNDA:0,(anonymous_8)
FNDA:0,(anonymous_9)
FNDA:0,(anonymous_10)
FNDA:0,(anonymous_11)
FNDA:0,(anonymous_12)
FNDA:0,(anonymous_13)
FNDA:0,(anonymous_14)
FNDA:0,(anonymous_15)
FNDA:0,(anonymous_16)
FNDA:0,(anonymous_17)
FNDA:0,(anonymous_18)
FNDA:0,(anonymous_19)
FNDA:0,(anonymous_20)
FNDA:0,(anonymous_21)
FNDA:0,(anonymous_22)
FNDA:0,(anonymous_23)
FNDA:0,(anonymous_24)
FNDA:0,(anonymous_25)
FNDA:0,(anonymous_26)
FNDA:0,(anonymous_27)
FNDA:0,(anonymous_28)
FNDA:0,(anonymous_29)
FNDA:0,(anonymous_30)
FNDA:0,(anonymous_31)
FNDA:0,(anonymous_32)
DA:16,0
DA:22,0
DA:23,0
DA:27,0
DA:34,0
DA:35,0
DA:38,0
DA:39,0
DA:44,0
DA:45,0
DA:46,0
DA:48,0
DA:53,0
DA:54,0
DA:55,0
DA:59,0
DA:63,0
DA:64,0
DA:68,0
DA:72,0
DA:76,0
DA:77,0
DA:81,0
DA:82,0
DA:83,0
DA:87,0
DA:88,0
DA:90,0
DA:91,0
DA:92,0
DA:97,0
DA:101,0
DA:102,0
DA:106,0
DA:107,0
DA:108,0
DA:109,0
DA:110,0
DA:116,0
DA:120,0
DA:121,0
DA:125,0
DA:126,0
DA:130,0
DA:131,0
DA:135,0
DA:136,0
DA:140,0
DA:141,0
DA:145,0
DA:146,0
DA:150,0
DA:151,0
DA:155,0
DA:156,0
DA:158,0
DA:159,0
DA:165,0
DA:169,0
DA:173,0
DA:174,0
DA:178,0
LF:62
LH:0
BRDA:20,0,0,0
BRDA:20,0,1,0
BRDA:31,1,0,0
BRDA:31,1,1,0
BRDA:45,2,0,0
BRDA:45,2,1,0
BRDA:54,3,0,0
BRDA:82,4,0,0
BRDA:88,5,0,0
BRDA:108,6,0,0
BRDA:124,7,0,0
BRDA:124,8,0,0
BRDA:149,9,0,0
BRDA:149,10,0,0
BRDA:154,11,0,0
BRDA:154,12,0,0
BRDA:179,13,0,0
BRDA:179,13,1,0
BRDA:180,14,0,0
BRDA:180,14,1,0
BRDA:182,15,0,0
BRDA:182,15,1,0
BRF:22
BRH:0
end_of_record
TN:
SF:src\services\categories\CategoryService.ts
FN:239,(anonymous_0)
FN:243,(anonymous_1)
FN:245,(anonymous_2)
FN:246,(anonymous_3)
FN:247,(anonymous_4)
FN:254,(anonymous_5)
FN:272,(anonymous_6)
FN:274,(anonymous_7)
FN:277,(anonymous_8)
FN:282,(anonymous_9)
FN:286,(anonymous_10)
FN:289,(anonymous_11)
FN:296,(anonymous_12)
FN:300,(anonymous_13)
FN:304,(anonymous_14)
FN:306,(anonymous_15)
FN:307,(anonymous_16)
FNF:17
FNH:0
FNDA:0,(anonymous_0)
FNDA:0,(anonymous_1)
FNDA:0,(anonymous_2)
FNDA:0,(anonymous_3)
FNDA:0,(anonymous_4)
FNDA:0,(anonymous_5)
FNDA:0,(anonymous_6)
FNDA:0,(anonymous_7)
FNDA:0,(anonymous_8)
FNDA:0,(anonymous_9)
FNDA:0,(anonymous_10)
FNDA:0,(anonymous_11)
FNDA:0,(anonymous_12)
FNDA:0,(anonymous_13)
FNDA:0,(anonymous_14)
FNDA:0,(anonymous_15)
FNDA:0,(anonymous_16)
DA:4,0
DA:193,0
DA:217,0
DA:240,0
DA:244,0
DA:245,0
DA:246,0
DA:247,0
DA:249,0
DA:254,0
DA:273,0
DA:274,0
DA:278,0
DA:279,0
DA:283,0
DA:284,0
DA:286,0
DA:287,0
DA:290,0
DA:297,0
DA:301,0
DA:305,0
DA:306,0
DA:307,0
DA:308,0
DA:314,0
LF:26
LH:0
BRDA:274,0,0,0
BRDA:274,0,1,0
BRDA:279,1,0,0
BRDA:279,1,1,0
BRDA:287,2,0,0
BRDA:287,2,1,0
BRDA:287,2,2,0
BRDA:290,3,0,0
BRDA:290,3,1,0
BRDA:308,4,0,0
BRDA:308,4,1,0
BRF:11
BRH:0
end_of_record
TN:
SF:src\services\chatbot\ChatBotService.ts
FN:34,(anonymous_0)
FN:42,(anonymous_1)
FN:71,(anonymous_2)
FN:82,(anonymous_3)
FN:93,(anonymous_4)
FN:103,(anonymous_5)
FN:113,(anonymous_6)
FN:123,(anonymous_7)
FN:134,(anonymous_8)
FNF:9
FNH:0
FNDA:0,(anonymous_0)
FNDA:0,(anonymous_1)
FNDA:0,(anonymous_2)
FNDA:0,(anonymous_3)
FNDA:0,(anonymous_4)
FNDA:0,(anonymous_5)
FNDA:0,(anonymous_6)
FNDA:0,(anonymous_7)
FNDA:0,(anonymous_8)
DA:35,0
DA:36,0
DA:37,0
DA:38,0
DA:39,0
DA:43,0
DA:45,0
DA:48,0
DA:51,0
DA:54,0
DA:58,0
DA:63,0
DA:64,0
DA:66,0
DA:67,0
DA:72,0
DA:73,0
DA:74,0
DA:75,0
DA:77,0
DA:78,0
DA:83,0
DA:84,0
DA:85,0
DA:86,0
DA:88,0
DA:89,0
DA:94,0
DA:95,0
DA:96,0
DA:98,0
DA:99,0
DA:104,0
DA:105,0
DA:106,0
DA:108,0
DA:109,0
DA:114,0
DA:115,0
DA:116,0
DA:118,0
DA:119,0
DA:124,0
DA:125,0
DA:126,0
DA:127,0
DA:129,0
DA:130,0
DA:135,0
DA:136,0
DA:137,0
DA:138,0
DA:139,0
DA:141,0
DA:142,0
DA:147,0
LF:56
LH:0
BRDA:148,0,0,0
BRDA:148,0,1,0
BRF:2
BRH:0
end_of_record
TN:
SF:src\services\i18n\LanguageService.ts
FN:39,(anonymous_0)
FN:43,(anonymous_1)
FN:51,(anonymous_2)
FN:56,(anonymous_3)
FN:61,(anonymous_4)
FN:71,(anonymous_5)
FN:76,(anonymous_6)
FN:81,(anonymous_7)
FN:86,(anonymous_8)
FN:91,(anonymous_9)
FN:99,(anonymous_10)
FN:104,(anonymous_11)
FN:113,(anonymous_12)
FNF:13
FNH:0
FNDA:0,(anonymous_0)
FNDA:0,(anonymous_1)
FNDA:0,(anonymous_2)
FNDA:0,(anonymous_3)
FNDA:0,(anonymous_4)
FNDA:0,(anonymous_5)
FNDA:0,(anonymous_6)
FNDA:0,(anonymous_7)
FNDA:0,(anonymous_8)
FNDA:0,(anonymous_9)
FNDA:0,(anonymous_10)
FNDA:0,(anonymous_11)
FNDA:0,(anonymous_12)
DA:7,0
DA:19,0
DA:40,0
DA:44,0
DA:45,0
DA:47,0
DA:52,0
DA:57,0
DA:62,0
DA:63,0
DA:64,0
DA:65,0
DA:66,0
DA:72,0
DA:77,0
DA:82,0
DA:87,0
DA:92,0
DA:100,0
DA:105,0
DA:106,0
DA:108,0
DA:114,0
DA:115,0
DA:116,0
DA:118,0
LF:26
LH:0
BRDA:40,0,0,0
BRDA:40,0,1,0
BRDA:44,1,0,0
BRDA:57,2,0,0
BRDA:57,2,1,0
BRDA:62,3,0,0
BRDA:100,4,0,0
BRDA:100,4,1,0
BRDA:115,5,0,0
BRDA:115,6,0,0
BRDA:115,6,1,0
BRF:11
BRH:0
end_of_record
TN:
SF:src\services\logistics\LogisticsService.ts
FN:8,(anonymous_0)
FN:13,(anonymous_1)
FN:32,(anonymous_2)
FN:49,(anonymous_3)
FN:60,(anonymous_4)
FN:69,(anonymous_5)
FNF:6
FNH:0
FNDA:0,(anonymous_0)
FNDA:0,(anonymous_1)
FNDA:0,(anonymous_2)
FNDA:0,(anonymous_3)
FNDA:0,(anonymous_4)
FNDA:0,(anonymous_5)
DA:9,0
DA:10,0
DA:19,0
DA:20,0
DA:27,0
DA:28,0
DA:37,0
DA:38,0
DA:44,0
DA:45,0
DA:52,0
DA:53,0
DA:55,0
DA:56,0
DA:61,0
DA:62,0
DA:64,0
DA:65,0
DA:70,0
DA:71,0
DA:73,0
DA:74,0
LF:22
LH:0
BRF:0
BRH:0
end_of_record
TN:
SF:src\services\logistics\ShippingOptimizer.ts
FN:74,(anonymous_0)
FN:82,(anonymous_1)
FN:140,(anonymous_2)
FN:149,(anonymous_3)
FN:165,(anonymous_4)
FN:184,(anonymous_5)
FN:207,(anonymous_6)
FNF:7
FNH:0
FNDA:0,(anonymous_0)
FNDA:0,(anonymous_1)
FNDA:0,(anonymous_2)
FNDA:0,(anonymous_3)
FNDA:0,(anonymous_4)
FNDA:0,(anonymous_5)
FNDA:0,(anonymous_6)
DA:75,0
DA:76,0
DA:77,0
DA:78,0
DA:79,0
DA:88,0
DA:90,0
DA:97,0
DA:119,0
DA:140,0
DA:149,0
DA:150,0
DA:153,0
DA:160,0
DA:161,0
DA:170,0
DA:173,0
DA:174,0
DA:177,0
DA:189,0
DA:190,0
DA:197,0
DA:202,0
DA:203,0
DA:210,0
DA:212,0
DA:219,0
DA:226,0
DA:233,0
DA:239,0
DA:240,0
LF:31
LH:0
BRDA:150,0,0,0
BRDA:150,0,1,0
BRF:2
BRH:0
end_of_record
TN:
SF:src\services\logistics\TrackingService.ts
FN:31,(anonymous_0)
FN:37,(anonymous_1)
FN:62,(anonymous_2)
FN:64,(anonymous_3)
FN:75,(anonymous_4)
FN:81,(anonymous_5)
FN:91,(anonymous_6)
FNF:7
FNH:0
FNDA:0,(anonymous_0)
FNDA:0,(anonymous_1)
FNDA:0,(anonymous_2)
FNDA:0,(anonymous_3)
FNDA:0,(anonymous_4)
FNDA:0,(anonymous_5)
FNDA:0,(anonymous_6)
DA:32,0
DA:33,0
DA:34,0
DA:38,0
DA:41,0
DA:43,0
DA:44,0
DA:46,0
DA:47,0
DA:49,0
DA:50,0
DA:52,0
DA:55,0
DA:57,0
DA:58,0
DA:63,0
DA:64,0
DA:65,0
DA:68,0
DA:70,0
DA:71,0
DA:77,0
DA:80,0
DA:81,0
DA:84,0
DA:92,0
DA:103,0
LF:27
LH:0
BRDA:41,0,0,0
BRDA:41,0,1,0
BRDA:41,0,2,0
BRDA:41,0,3,0
BRDA:103,1,0,0
BRDA:103,1,1,0
BRF:6
BRH:0
end_of_record
TN:
SF:src\services\logistics\carriers\DHLService.ts
FN:8,(anonymous_0)
FN:13,(anonymous_1)
FNF:2
FNH:0
FNDA:0,(anonymous_0)
FNDA:0,(anonymous_1)
DA:9,0
DA:10,0
DA:18,0
DA:19,0
DA:48,0
DA:54,0
DA:55,0
LF:7
LH:0
BRDA:9,0,0,0
BRDA:9,0,1,0
BRF:2
BRH:0
end_of_record
TN:
SF:src\services\logistics\carriers\FedExService.ts
FN:9,(anonymous_0)
FN:15,(anonymous_1)
FN:83,(anonymous_2)
FNF:3
FNH:0
FNDA:0,(anonymous_0)
FNDA:0,(anonymous_1)
FNDA:0,(anonymous_2)
DA:10,0
DA:11,0
DA:12,0
DA:20,0
DA:21,0
DA:71,0
DA:72,0
DA:78,0
DA:79,0
DA:85,0
DA:86,0
DA:92,0
LF:12
LH:0
BRDA:10,0,0,0
BRDA:10,0,1,0
BRDA:11,1,0,0
BRDA:11,1,1,0
BRDA:92,2,0,0
BRDA:92,2,1,0
BRF:6
BRH:0
end_of_record
TN:
SF:src\services\logistics\carriers\UPSService.ts
FN:8,(anonymous_0)
FN:13,(anonymous_1)
FN:96,(anonymous_2)
FNF:3
FNH:0
FNDA:0,(anonymous_0)
FNDA:0,(anonymous_1)
FNDA:0,(anonymous_2)
DA:9,0
DA:10,0
DA:18,0
DA:19,0
DA:84,0
DA:85,0
DA:91,0
DA:92,0
DA:98,0
DA:99,0
DA:105,0
LF:11
LH:0
BRDA:9,0,0,0
BRDA:9,0,1,0
BRDA:87,1,0,0
BRDA:87,1,1,0
BRDA:105,2,0,0
BRDA:105,2,1,0
BRF:6
BRH:0
end_of_record
TN:
SF:src\services\logistics\customs\CustomsService.ts
FN:8,(anonymous_0)
FN:13,(anonymous_1)
FN:45,(anonymous_2)
FN:73,(anonymous_3)
FNF:4
FNH:0
FNDA:0,(anonymous_0)
FNDA:0,(anonymous_1)
FNDA:0,(anonymous_2)
FNDA:0,(anonymous_3)
DA:9,0
DA:10,0
DA:18,0
DA:19,0
DA:38,0
DA:40,0
DA:41,0
DA:50,0
DA:51,0
DA:66,0
DA:68,0
DA:69,0
DA:79,0
DA:80,0
DA:110,0
DA:112,0
DA:113,0
LF:17
LH:0
BRDA:9,0,0,0
BRDA:9,0,1,0
BRDA:38,1,0,0
BRDA:38,1,1,0
BRDA:66,2,0,0
BRDA:66,2,1,0
BRDA:110,3,0,0
BRDA:110,3,1,0
BRF:8
BRH:0
end_of_record
TN:
SF:src\services\logistics\ml\DeliveryPredictor.ts
FN:20,(anonymous_0)
FN:25,(anonymous_1)
FN:64,(anonymous_2)
FN:66,(anonymous_3)
FN:74,(anonymous_4)
FNF:5
FNH:0
FNDA:0,(anonymous_0)
FNDA:0,(anonymous_1)
FNDA:0,(anonymous_2)
FNDA:0,(anonymous_3)
FNDA:0,(anonymous_4)
DA:21,0
DA:22,0
DA:26,0
DA:28,0
DA:31,0
DA:53,0
DA:58,0
DA:60,0
DA:66,0
DA:76,0
DA:82,0
DA:83,0
DA:84,0
DA:86,0
LF:14
LH:0
BRDA:21,0,0,0
BRDA:21,0,1,0
BRDA:83,1,0,0
BRDA:83,1,1,0
BRDA:84,2,0,0
BRDA:84,2,1,0
BRF:6
BRH:0
end_of_record
TN:
SF:src\services\monitoring\MonitoringService.ts
FN:20,(anonymous_0)
FN:72,(anonymous_1)
FN:80,(anonymous_2)
FN:88,(anonymous_3)
FN:94,(anonymous_4)
FN:96,(anonymous_5)
FN:103,(anonymous_6)
FN:107,(anonymous_7)
FN:111,(anonymous_8)
FN:116,(anonymous_9)
FN:120,(anonymous_10)
FN:127,(anonymous_11)
FN:131,(anonymous_12)
FN:135,(anonymous_13)
FN:140,(anonymous_14)
FN:161,(anonymous_15)
FN:184,(anonymous_16)
FN:194,(anonymous_17)
FN:204,(anonymous_18)
FNF:19
FNH:0
FNDA:0,(anonymous_0)
FNDA:0,(anonymous_1)
FNDA:0,(anonymous_2)
FNDA:0,(anonymous_3)
FNDA:0,(anonymous_4)
FNDA:0,(anonymous_5)
FNDA:0,(anonymous_6)
FNDA:0,(anonymous_7)
FNDA:0,(anonymous_8)
FNDA:0,(anonymous_9)
FNDA:0,(anonymous_10)
FNDA:0,(anonymous_11)
FNDA:0,(anonymous_12)
FNDA:0,(anonymous_13)
FNDA:0,(anonymous_14)
FNDA:0,(anonymous_15)
FNDA:0,(anonymous_16)
FNDA:0,(anonymous_17)
FNDA:0,(anonymous_18)
DA:22,0
DA:33,0
DA:36,0
DA:42,0
DA:49,0
DA:52,0
DA:53,0
DA:73,0
DA:74,0
DA:76,0
DA:81,0
DA:84,0
DA:85,0
DA:89,0
DA:90,0
DA:95,0
DA:96,0
DA:97,0
DA:98,0
DA:99,0
DA:104,0
DA:108,0
DA:112,0
DA:117,0
DA:121,0
DA:122,0
DA:123,0
DA:128,0
DA:132,0
DA:136,0
DA:150,0
DA:152,0
DA:155,0
DA:158,0
DA:160,0
DA:161,0
DA:163,0
DA:172,0
DA:173,0
DA:185,0
DA:187,0
DA:189,0
DA:190,0
DA:195,0
DA:197,0
DA:199,0
DA:200,0
DA:205,0
DA:207,0
DA:213,0
DA:214,0
LF:51
LH:0
BRDA:73,0,0,0
BRDA:88,1,0,0
BRDA:104,2,0,0
BRDA:104,2,1,0
BRDA:122,3,0,0
BRDA:160,4,0,0
BRDA:160,4,1,0
BRDA:160,4,2,0
BRDA:164,5,0,0
BRDA:164,5,1,0
BRF:10
BRH:0
end_of_record
TN:
SF:src\services\monitoring\WinstonLogger.ts
FN:7,(anonymous_0)
FN:89,(anonymous_1)
FN:93,(anonymous_2)
FN:97,(anonymous_3)
FN:101,(anonymous_4)
FN:105,(anonymous_5)
FN:109,(anonymous_6)
FN:114,(anonymous_7)
FN:115,(anonymous_8)
FN:118,(anonymous_9)
FNF:10
FNH:0
FNDA:0,(anonymous_0)
FNDA:0,(anonymous_1)
FNDA:0,(anonymous_2)
FNDA:0,(anonymous_3)
FNDA:0,(anonymous_4)
FNDA:0,(anonymous_5)
FNDA:0,(anonymous_6)
FNDA:0,(anonymous_7)
FNDA:0,(anonymous_8)
FNDA:0,(anonymous_9)
DA:9,0
DA:16,0
DA:25,0
DA:57,0
DA:58,0
DA:70,0
DA:79,0
DA:90,0
DA:94,0
DA:98,0
DA:102,0
DA:106,0
DA:110,0
DA:115,0
DA:116,0
DA:118,0
DA:119,0
DA:120,0
DA:122,0
DA:132,0
LF:20
LH:0
BRDA:57,0,0,0
BRF:1
BRH:0
end_of_record
TN:
SF:src\services\n8n\N8nService.ts
FN:37,(anonymous_0)
FN:49,(anonymous_1)
FN:59,(anonymous_2)
FN:69,(anonymous_3)
FN:79,(anonymous_4)
FN:89,(anonymous_5)
FN:99,(anonymous_6)
FN:109,(anonymous_7)
FN:120,(anonymous_8)
FN:130,(anonymous_9)
FN:140,(anonymous_10)
FN:154,(anonymous_11)
FN:165,(anonymous_12)
FN:177,(anonymous_13)
FNF:14
FNH:0
FNDA:0,(anonymous_0)
FNDA:0,(anonymous_1)
FNDA:0,(anonymous_2)
FNDA:0,(anonymous_3)
FNDA:0,(anonymous_4)
FNDA:0,(anonymous_5)
FNDA:0,(anonymous_6)
FNDA:0,(anonymous_7)
FNDA:0,(anonymous_8)
FNDA:0,(anonymous_9)
FNDA:0,(anonymous_10)
FNDA:0,(anonymous_11)
FNDA:0,(anonymous_12)
FNDA:0,(anonymous_13)
DA:38,0
DA:39,0
DA:50,0
DA:51,0
DA:52,0
DA:54,0
DA:55,0
DA:60,0
DA:61,0
DA:62,0
DA:64,0
DA:65,0
DA:70,0
DA:71,0
DA:72,0
DA:74,0
DA:75,0
DA:80,0
DA:81,0
DA:82,0
DA:84,0
DA:85,0
DA:90,0
DA:91,0
DA:93,0
DA:94,0
DA:100,0
DA:101,0
DA:102,0
DA:104,0
DA:105,0
DA:110,0
DA:111,0
DA:112,0
DA:114,0
DA:115,0
DA:121,0
DA:122,0
DA:123,0
DA:125,0
DA:126,0
DA:131,0
DA:132,0
DA:134,0
DA:135,0
DA:141,0
DA:142,0
DA:143,0
DA:144,0
DA:146,0
DA:147,0
DA:149,0
DA:150,0
DA:155,0
DA:156,0
DA:157,0
DA:159,0
DA:160,0
DA:166,0
DA:167,0
DA:170,0
DA:172,0
DA:173,0
DA:178,0
DA:179,0
DA:180,0
DA:182,0
DA:183,0
LF:68
LH:0
BRDA:143,0,0,0
BRDA:144,1,0,0
BRDA:165,2,0,0
BRF:3
BRH:0
end_of_record
TN:
SF:src\services\payment\PaymentService.ts
FN:14,(anonymous_0)
FN:24,(anonymous_1)
FN:50,(anonymous_2)
FN:73,(anonymous_3)
FN:99,(anonymous_4)
FN:114,(anonymous_5)
FN:141,(anonymous_6)
FN:171,(anonymous_7)
FN:202,(anonymous_8)
FN:215,(anonymous_9)
FN:218,(anonymous_10)
FN:231,(anonymous_11)
FN:234,(anonymous_12)
FN:256,(anonymous_13)
FN:279,(anonymous_14)
FN:296,(anonymous_15)
FN:317,(anonymous_16)
FN:333,(anonymous_17)
FN:350,(anonymous_18)
FNF:19
FNH:0
FNDA:0,(anonymous_0)
FNDA:0,(anonymous_1)
FNDA:0,(anonymous_2)
FNDA:0,(anonymous_3)
FNDA:0,(anonymous_4)
FNDA:0,(anonymous_5)
FNDA:0,(anonymous_6)
FNDA:0,(anonymous_7)
FNDA:0,(anonymous_8)
FNDA:0,(anonymous_9)
FNDA:0,(anonymous_10)
FNDA:0,(anonymous_11)
FNDA:0,(anonymous_12)
FNDA:0,(anonymous_13)
FNDA:0,(anonymous_14)
FNDA:0,(anonymous_15)
FNDA:0,(anonymous_16)
FNDA:0,(anonymous_17)
FNDA:0,(anonymous_18)
DA:12,0
DA:15,0
DA:16,0
DA:17,0
DA:18,0
DA:25,0
DA:26,0
DA:32,0
DA:42,0
DA:43,0
DA:45,0
DA:46,0
DA:51,0
DA:52,0
DA:56,0
DA:64,0
DA:65,0
DA:67,0
DA:68,0
DA:74,0
DA:75,0
DA:79,0
DA:91,0
DA:92,0
DA:94,0
DA:95,0
DA:100,0
DA:101,0
DA:102,0
DA:106,0
DA:108,0
DA:109,0
DA:115,0
DA:118,0
DA:119,0
DA:120,0
DA:123,0
DA:131,0
DA:132,0
DA:136,0
DA:138,0
DA:142,0
DA:145,0
DA:146,0
DA:147,0
DA:150,0
DA:165,0
DA:167,0
DA:172,0
DA:175,0
DA:176,0
DA:177,0
DA:180,0
DA:187,0
DA:196,0
DA:198,0
DA:203,0
DA:215,0
DA:219,0
DA:231,0
DA:235,0
DA:253,0
DA:257,0
DA:276,0
DA:280,0
DA:281,0
DA:283,0
DA:285,0
DA:287,0
DA:289,0
DA:291,0
DA:297,0
DA:298,0
DA:300,0
DA:301,0
DA:303,0
DA:304,0
DA:306,0
DA:307,0
DA:309,0
DA:312,0
DA:313,0
DA:318,0
DA:330,0
DA:334,0
DA:347,0
DA:351,0
DA:360,0
LF:88
LH:0
BRDA:119,0,0,0
BRDA:131,1,0,0
BRDA:141,2,0,0
BRDA:146,3,0,0
BRDA:176,4,0,0
BRDA:281,5,0,0
BRDA:281,5,1,0
BRDA:281,5,2,0
BRDA:281,5,3,0
BRDA:281,5,4,0
BRDA:298,6,0,0
BRDA:298,6,1,0
BRDA:298,6,2,0
BRDA:298,6,3,0
BRF:14
BRH:0
end_of_record
TN:
SF:src\services\security\SecurityService.ts
FN:11,(anonymous_0)
FN:20,(anonymous_1)
FN:28,(anonymous_2)
FN:34,(anonymous_3)
FN:39,(anonymous_4)
FN:44,(anonymous_5)
FN:56,(anonymous_6)
FN:67,(anonymous_7)
FN:72,(anonymous_8)
FN:77,(anonymous_9)
FN:81,(anonymous_10)
FN:85,(anonymous_11)
FN:90,(anonymous_12)
FN:94,(anonymous_13)
FN:99,(anonymous_14)
FN:103,(anonymous_15)
FN:108,(anonymous_16)
FN:113,(anonymous_17)
FN:131,(anonymous_18)
FN:136,(anonymous_19)
FN:152,(anonymous_20)
FN:156,(anonymous_21)
FN:161,(anonymous_22)
FN:168,(anonymous_23)
FN:169,(anonymous_24)
FN:183,(anonymous_25)
FNF:26
FNH:0
FNDA:0,(anonymous_0)
FNDA:0,(anonymous_1)
FNDA:0,(anonymous_2)
FNDA:0,(anonymous_3)
FNDA:0,(anonymous_4)
FNDA:0,(anonymous_5)
FNDA:0,(anonymous_6)
FNDA:0,(anonymous_7)
FNDA:0,(anonymous_8)
FNDA:0,(anonymous_9)
FNDA:0,(anonymous_10)
FNDA:0,(anonymous_11)
FNDA:0,(anonymous_12)
FNDA:0,(anonymous_13)
FNDA:0,(anonymous_14)
FNDA:0,(anonymous_15)
FNDA:0,(anonymous_16)
FNDA:0,(anonymous_17)
FNDA:0,(anonymous_18)
FNDA:0,(anonymous_19)
FNDA:0,(anonymous_20)
FNDA:0,(anonymous_21)
FNDA:0,(anonymous_22)
FNDA:0,(anonymous_23)
FNDA:0,(anonymous_24)
FNDA:0,(anonymous_25)
DA:12,0
DA:17,0
DA:21,0
DA:22,0
DA:24,0
DA:29,0
DA:30,0
DA:31,0
DA:35,0
DA:36,0
DA:40,0
DA:45,0
DA:46,0
DA:48,0
DA:49,0
DA:52,0
DA:57,0
DA:58,0
DA:64,0
DA:68,0
DA:69,0
DA:73,0
DA:78,0
DA:82,0
DA:86,0
DA:91,0
DA:95,0
DA:100,0
DA:104,0
DA:109,0
DA:119,0
DA:121,0
DA:126,0
DA:127,0
DA:132,0
DA:140,0
DA:141,0
DA:144,0
DA:145,0
DA:148,0
DA:153,0
DA:157,0
DA:167,0
DA:168,0
DA:169,0
DA:174,0
DA:184,0
LF:47
LH:0
BRDA:21,0,0,0
BRDA:48,1,0,0
BRDA:119,2,0,0
BRDA:140,3,0,0
BRDA:144,4,0,0
BRDA:170,5,0,0
BRDA:170,5,1,0
BRDA:171,6,0,0
BRDA:171,6,1,0
BRF:9
BRH:0
end_of_record
TN:
SF:src\services\storage\S3Service.ts
FN:23,(anonymous_0)
FN:34,(anonymous_1)
FN:52,(anonymous_2)
FN:61,(anonymous_3)
FN:70,(anonymous_4)
FN:72,(anonymous_5)
FN:73,(anonymous_6)
FN:78,(anonymous_7)
FN:87,(anonymous_8)
FN:94,(anonymous_9)
FN:97,(anonymous_10)
FN:106,(anonymous_11)
FN:116,(anonymous_12)
FN:130,(anonymous_13)
FN:140,(anonymous_14)
FN:150,(anonymous_15)
FNF:16
FNH:0
FNDA:0,(anonymous_0)
FNDA:0,(anonymous_1)
FNDA:0,(anonymous_2)
FNDA:0,(anonymous_3)
FNDA:0,(anonymous_4)
FNDA:0,(anonymous_5)
FNDA:0,(anonymous_6)
FNDA:0,(anonymous_7)
FNDA:0,(anonymous_8)
FNDA:0,(anonymous_9)
FNDA:0,(anonymous_10)
FNDA:0,(anonymous_11)
FNDA:0,(anonymous_12)
FNDA:0,(anonymous_13)
FNDA:0,(anonymous_14)
FNDA:0,(anonymous_15)
DA:24,0
DA:31,0
DA:39,0
DA:48,0
DA:49,0
DA:57,0
DA:58,0
DA:62,0
DA:67,0
DA:68,0
DA:70,0
DA:71,0
DA:72,0
DA:73,0
DA:74,0
DA:79,0
DA:84,0
DA:88,0
DA:93,0
DA:94,0
DA:98,0
DA:103,0
DA:107,0
DA:113,0
DA:118,0
DA:124,0
DA:127,0
DA:131,0
DA:137,0
DA:141,0
DA:146,0
DA:147,0
DA:154,0
DA:162,0
DA:166,0
LF:35
LH:0
BRDA:37,0,0,0
BRDA:45,1,0,0
BRDA:45,1,1,0
BRDA:55,2,0,0
BRDA:94,3,0,0
BRDA:94,3,1,0
BRDA:97,4,0,0
BRDA:106,5,0,0
BRDA:147,6,0,0
BRDA:147,6,1,0
BRDA:167,7,0,0
BRDA:167,7,1,0
BRDA:168,8,0,0
BRDA:168,8,1,0
BRDA:169,9,0,0
BRDA:169,9,1,0
BRDA:170,10,0,0
BRDA:170,10,1,0
BRF:18
BRH:0
end_of_record
TN:
SF:src\services\traffic\TrafficManager.ts
FN:22,(anonymous_0)
FN:35,(anonymous_1)
FN:42,(anonymous_2)
FN:66,(anonymous_3)
FN:92,(anonymous_4)
FN:94,(anonymous_5)
FN:102,(anonymous_6)
FN:111,(anonymous_7)
FN:124,(anonymous_8)
FN:130,(anonymous_9)
FN:137,(anonymous_10)
FN:143,(anonymous_11)
FN:149,(anonymous_12)
FN:156,(anonymous_13)
FN:162,(anonymous_14)
FN:167,(anonymous_15)
FN:172,(anonymous_16)
FN:177,(anonymous_17)
FN:182,(anonymous_18)
FN:187,(anonymous_19)
FN:192,(anonymous_20)
FN:199,(anonymous_21)
FN:206,(anonymous_22)
FN:210,(anonymous_23)
FN:214,(anonymous_24)
FNF:25
FNH:0
FNDA:0,(anonymous_0)
FNDA:0,(anonymous_1)
FNDA:0,(anonymous_2)
FNDA:0,(anonymous_3)
FNDA:0,(anonymous_4)
FNDA:0,(anonymous_5)
FNDA:0,(anonymous_6)
FNDA:0,(anonymous_7)
FNDA:0,(anonymous_8)
FNDA:0,(anonymous_9)
FNDA:0,(anonymous_10)
FNDA:0,(anonymous_11)
FNDA:0,(anonymous_12)
FNDA:0,(anonymous_13)
FNDA:0,(anonymous_14)
FNDA:0,(anonymous_15)
FNDA:0,(anonymous_16)
FNDA:0,(anonymous_17)
FNDA:0,(anonymous_18)
FNDA:0,(anonymous_19)
FNDA:0,(anonymous_20)
FNDA:0,(anonymous_21)
FNDA:0,(anonymous_22)
FNDA:0,(anonymous_23)
FNDA:0,(anonymous_24)
DA:20,0
DA:23,0
DA:24,0
DA:36,0
DA:37,0
DA:39,0
DA:43,0
DA:44,0
DA:47,0
DA:50,0
DA:51,0
DA:52,0
DA:53,0
DA:54,0
DA:55,0
DA:58,0
DA:61,0
DA:63,0
DA:68,0
DA:69,0
DA:70,0
DA:73,0
DA:74,0
DA:75,0
DA:78,0
DA:79,0
DA:82,0
DA:83,0
DA:86,0
DA:89,0
DA:94,0
DA:95,0
DA:99,0
DA:103,0
DA:104,0
DA:108,0
DA:112,0
DA:125,0
DA:126,0
DA:127,0
DA:131,0
DA:132,0
DA:133,0
DA:134,0
DA:138,0
DA:139,0
DA:140,0
DA:144,0
DA:145,0
DA:146,0
DA:150,0
DA:151,0
DA:152,0
DA:153,0
DA:157,0
DA:158,0
DA:159,0
DA:163,0
DA:164,0
DA:168,0
DA:169,0
DA:173,0
DA:174,0
DA:178,0
DA:179,0
DA:183,0
DA:184,0
DA:188,0
DA:193,0
DA:194,0
DA:196,0
DA:200,0
DA:201,0
DA:203,0
DA:207,0
DA:211,0
DA:215,0
LF:77
LH:0
BRDA:36,0,0,0
BRDA:43,1,0,0
BRDA:193,2,0,0
BRDA:200,3,0,0
BRF:4
BRH:0
end_of_record
TN:
SF:src\services\traffic\load\LoadBalancer.ts
FN:15,(anonymous_0)
FN:27,(anonymous_1)
FN:33,(anonymous_2)
FN:59,(anonymous_3)
FN:67,(anonymous_4)
FN:75,(anonymous_5)
FN:86,(anonymous_6)
FN:91,(anonymous_7)
FN:95,(anonymous_8)
FN:99,(anonymous_9)
FN:104,(anonymous_10)
FN:109,(anonymous_11)
FN:115,(anonymous_12)
FN:116,(anonymous_13)
FN:123,(anonymous_14)
FN:125,(anonymous_15)
FN:144,(anonymous_16)
FN:145,(anonymous_17)
FN:152,(anonymous_18)
FN:158,(anonymous_19)
FN:159,(anonymous_20)
FN:179,(anonymous_21)
FN:182,(anonymous_22)
FN:185,(anonymous_23)
FN:190,(anonymous_24)
FNF:25
FNH:0
FNDA:0,(anonymous_0)
FNDA:0,(anonymous_1)
FNDA:0,(anonymous_2)
FNDA:0,(anonymous_3)
FNDA:0,(anonymous_4)
FNDA:0,(anonymous_5)
FNDA:0,(anonymous_6)
FNDA:0,(anonymous_7)
FNDA:0,(anonymous_8)
FNDA:0,(anonymous_9)
FNDA:0,(anonymous_10)
FNDA:0,(anonymous_11)
FNDA:0,(anonymous_12)
FNDA:0,(anonymous_13)
FNDA:0,(anonymous_14)
FNDA:0,(anonymous_15)
FNDA:0,(anonymous_16)
FNDA:0,(anonymous_17)
FNDA:0,(anonymous_18)
FNDA:0,(anonymous_19)
FNDA:0,(anonymous_20)
FNDA:0,(anonymous_21)
FNDA:0,(anonymous_22)
FNDA:0,(anonymous_23)
FNDA:0,(anonymous_24)
DA:16,0
DA:17,0
DA:18,0
DA:19,0
DA:22,0
DA:23,0
DA:28,0
DA:29,0
DA:33,0
DA:34,0
DA:38,0
DA:39,0
DA:43,0
DA:45,0
DA:47,0
DA:49,0
DA:51,0
DA:53,0
DA:55,0
DA:60,0
DA:61,0
DA:62,0
DA:63,0
DA:68,0
DA:69,0
DA:70,0
DA:71,0
DA:76,0
DA:83,0
DA:87,0
DA:88,0
DA:92,0
DA:96,0
DA:100,0
DA:101,0
DA:105,0
DA:106,0
DA:111,0
DA:112,0
DA:116,0
DA:117,0
DA:118,0
DA:119,0
DA:125,0
DA:126,0
DA:127,0
DA:131,0
DA:132,0
DA:133,0
DA:134,0
DA:135,0
DA:136,0
DA:137,0
DA:141,0
DA:145,0
DA:146,0
DA:147,0
DA:148,0
DA:155,0
DA:159,0
DA:160,0
DA:161,0
DA:162,0
DA:163,0
DA:164,0
DA:165,0
DA:167,0
DA:168,0
DA:169,0
DA:171,0
DA:173,0
DA:182,0
DA:186,0
DA:187,0
DA:191,0
LF:75
LH:0
BRDA:19,0,0,0
BRDA:19,0,1,0
BRDA:22,1,0,0
BRDA:28,2,0,0
BRDA:34,3,0,0
BRDA:34,3,1,0
BRDA:38,4,0,0
BRDA:43,5,0,0
BRDA:43,5,1,0
BRDA:43,5,2,0
BRDA:43,5,3,0
BRDA:43,5,4,0
BRDA:43,5,5,0
BRDA:61,6,0,0
BRDA:69,7,0,0
BRDA:101,8,0,0
BRDA:101,8,1,0
BRDA:106,9,0,0
BRDA:106,9,1,0
BRDA:117,10,0,0
BRDA:117,10,1,0
BRDA:118,11,0,0
BRDA:118,11,1,0
BRDA:119,12,0,0
BRDA:119,12,1,0
BRDA:127,13,0,0
BRDA:127,13,1,0
BRDA:134,14,0,0
BRDA:134,14,1,0
BRDA:136,15,0,0
BRDA:146,16,0,0
BRDA:146,16,1,0
BRDA:147,17,0,0
BRDA:147,17,1,0
BRDA:148,18,0,0
BRDA:148,18,1,0
BRDA:168,19,0,0
BRDA:168,19,1,0
BRF:38
BRH:0
end_of_record
TN:
SF:src\services\traffic\queue\QueueManager.ts
FN:16,(anonymous_0)
FN:24,(anonymous_1)
FN:48,(anonymous_2)
FN:67,(anonymous_3)
FN:84,(anonymous_4)
FN:90,(anonymous_5)
FN:106,(anonymous_6)
FN:125,(anonymous_7)
FN:129,(anonymous_8)
FN:133,(anonymous_9)
FN:137,(anonymous_10)
FN:146,(anonymous_11)
FN:184,(anonymous_12)
FN:187,(anonymous_13)
FN:190,(anonymous_14)
FN:200,(anonymous_15)
FNF:16
FNH:0
FNDA:0,(anonymous_0)
FNDA:0,(anonymous_1)
FNDA:0,(anonymous_2)
FNDA:0,(anonymous_3)
FNDA:0,(anonymous_4)
FNDA:0,(anonymous_5)
FNDA:0,(anonymous_6)
FNDA:0,(anonymous_7)
FNDA:0,(anonymous_8)
FNDA:0,(anonymous_9)
FNDA:0,(anonymous_10)
FNDA:0,(anonymous_11)
FNDA:0,(anonymous_12)
FNDA:0,(anonymous_13)
FNDA:0,(anonymous_14)
FNDA:0,(anonymous_15)
DA:17,0
DA:18,0
DA:19,0
DA:20,0
DA:21,0
DA:26,0
DA:27,0
DA:28,0
DA:31,0
DA:34,0
DA:35,0
DA:36,0
DA:40,0
DA:48,0
DA:49,0
DA:50,0
DA:52,0
DA:56,0
DA:59,0
DA:62,0
DA:63,0
DA:68,0
DA:69,0
DA:70,0
DA:73,0
DA:76,0
DA:79,0
DA:81,0
DA:85,0
DA:86,0
DA:87,0
DA:90,0
DA:91,0
DA:92,0
DA:95,0
DA:98,0
DA:101,0
DA:103,0
DA:108,0
DA:109,0
DA:110,0
DA:114,0
DA:122,0
DA:126,0
DA:130,0
DA:134,0
DA:138,0
DA:139,0
DA:140,0
DA:141,0
DA:142,0
DA:147,0
DA:148,0
DA:151,0
DA:153,0
DA:154,0
DA:155,0
DA:156,0
DA:157,0
DA:160,0
DA:162,0
DA:165,0
DA:168,0
DA:171,0
DA:172,0
DA:174,0
DA:175,0
DA:180,0
DA:187,0
DA:191,0
DA:201,0
DA:202,0
DA:204,0
DA:206,0
DA:207,0
DA:209,0
DA:210,0
DA:212,0
DA:213,0
DA:216,0
DA:217,0
DA:218,0
DA:219,0
DA:221,0
DA:222,0
DA:225,0
LF:86
LH:0
BRDA:24,0,0,0
BRDA:26,1,0,0
BRDA:34,2,0,0
BRDA:49,3,0,0
BRDA:49,3,1,0
BRDA:62,4,0,0
BRDA:69,5,0,0
BRDA:69,6,0,0
BRDA:69,6,1,0
BRDA:86,7,0,0
BRDA:91,8,0,0
BRDA:108,9,0,0
BRDA:126,10,0,0
BRDA:126,10,1,0
BRDA:139,11,0,0
BRDA:147,12,0,0
BRDA:156,13,0,0
BRDA:171,14,0,0
BRDA:171,14,1,0
BRDA:202,15,0,0
BRDA:204,16,0,0
BRDA:204,16,1,0
BRDA:204,16,2,0
BRDA:204,16,3,0
BRDA:204,16,4,0
BRF:25
BRH:0
end_of_record
TN:
SF:src\services\traffic\routers\CallRouter.ts
FN:13,(anonymous_0)
FN:41,(anonymous_1)
FN:57,(anonymous_2)
FN:69,(anonymous_3)
FN:110,(anonymous_4)
FN:125,(anonymous_5)
FN:146,(anonymous_6)
FN:148,(anonymous_7)
FN:155,(anonymous_8)
FN:169,(anonymous_9)
FN:177,(anonymous_10)
FN:203,(anonymous_11)
FN:212,(anonymous_12)
FN:229,(anonymous_13)
FN:232,(anonymous_14)
FN:235,(anonymous_15)
FN:239,(anonymous_16)
FN:259,(anonymous_17)
FN:261,(anonymous_18)
FNF:19
FNH:0
FNDA:0,(anonymous_0)
FNDA:0,(anonymous_1)
FNDA:0,(anonymous_2)
FNDA:0,(anonymous_3)
FNDA:0,(anonymous_4)
FNDA:0,(anonymous_5)
FNDA:0,(anonymous_6)
FNDA:0,(anonymous_7)
FNDA:0,(anonymous_8)
FNDA:0,(anonymous_9)
FNDA:0,(anonymous_10)
FNDA:0,(anonymous_11)
FNDA:0,(anonymous_12)
FNDA:0,(anonymous_13)
FNDA:0,(anonymous_14)
FNDA:0,(anonymous_15)
FNDA:0,(anonymous_16)
FNDA:0,(anonymous_17)
FNDA:0,(anonymous_18)
DA:14,0
DA:15,0
DA:16,0
DA:24,0
DA:37,0
DA:38,0
DA:42,0
DA:44,0
DA:45,0
DA:46,0
DA:50,0
DA:52,0
DA:53,0
DA:59,0
DA:60,0
DA:61,0
DA:65,0
DA:66,0
DA:70,0
DA:71,0
DA:73,0
DA:74,0
DA:78,0
DA:79,0
DA:80,0
DA:83,0
DA:84,0
DA:87,0
DA:90,0
DA:92,0
DA:94,0
DA:97,0
DA:98,0
DA:101,0
DA:102,0
DA:103,0
DA:104,0
DA:105,0
DA:106,0
DA:112,0
DA:113,0
DA:116,0
DA:119,0
DA:122,0
DA:126,0
DA:127,0
DA:128,0
DA:129,0
DA:132,0
DA:133,0
DA:136,0
DA:137,0
DA:138,0
DA:140,0
DA:147,0
DA:148,0
DA:149,0
DA:157,0
DA:158,0
DA:162,0
DA:163,0
DA:167,0
DA:168,0
DA:169,0
DA:170,0
DA:174,0
DA:178,0
DA:181,0
DA:182,0
DA:184,0
DA:188,0
DA:189,0
DA:193,0
DA:194,0
DA:196,0
DA:197,0
DA:200,0
DA:204,0
DA:205,0
DA:209,0
DA:213,0
DA:214,0
DA:217,0
DA:218,0
DA:219,0
DA:221,0
DA:222,0
DA:226,0
DA:232,0
DA:236,0
DA:240,0
DA:241,0
DA:242,0
DA:245,0
DA:246,0
DA:247,0
DA:248,0
DA:251,0
DA:252,0
DA:253,0
DA:255,0
DA:256,0
DA:260,0
DA:261,0
LF:104
LH:0
BRDA:44,0,0,0
BRDA:60,1,0,0
BRDA:73,2,0,0
BRDA:128,3,0,0
BRDA:136,4,0,0
BRDA:136,4,1,0
BRDA:149,5,0,0
BRDA:149,5,1,0
BRDA:149,5,2,0
BRDA:157,6,0,0
BRDA:157,7,0,0
BRDA:157,7,1,0
BRDA:162,8,0,0
BRDA:162,9,0,0
BRDA:162,9,1,0
BRDA:167,10,0,0
BRDA:169,11,0,0
BRDA:181,12,0,0
BRDA:181,12,1,0
BRDA:188,13,0,0
BRDA:193,14,0,0
BRDA:196,15,0,0
BRDA:204,16,0,0
BRDA:213,17,0,0
BRDA:213,18,0,0
BRDA:213,18,1,0
BRDA:217,19,0,0
BRDA:218,20,0,0
BRDA:221,21,0,0
BRDA:241,22,0,0
BRDA:246,23,0,0
BRF:31
BRH:0
end_of_record
TN:
SF:src\services\traffic\routers\MessageRouter.ts
FN:13,(anonymous_0)
FN:41,(anonymous_1)
FN:63,(anonymous_2)
FN:78,(anonymous_3)
FN:103,(anonymous_4)
FN:115,(anonymous_5)
FN:156,(anonymous_6)
FN:171,(anonymous_7)
FN:192,(anonymous_8)
FN:194,(anonymous_9)
FN:201,(anonymous_10)
FN:220,(anonymous_11)
FN:229,(anonymous_12)
FN:231,(anonymous_13)
FN:244,(anonymous_14)
FN:247,(anonymous_15)
FN:250,(anonymous_16)
FN:259,(anonymous_17)
FN:270,(anonymous_18)
FN:276,(anonymous_19)
FN:279,(anonymous_20)
FN:282,(anonymous_21)
FN:286,(anonymous_22)
FN:306,(anonymous_23)
FN:308,(anonymous_24)
FNF:25
FNH:0
FNDA:0,(anonymous_0)
FNDA:0,(anonymous_1)
FNDA:0,(anonymous_2)
FNDA:0,(anonymous_3)
FNDA:0,(anonymous_4)
FNDA:0,(anonymous_5)
FNDA:0,(anonymous_6)
FNDA:0,(anonymous_7)
FNDA:0,(anonymous_8)
FNDA:0,(anonymous_9)
FNDA:0,(anonymous_10)
FNDA:0,(anonymous_11)
FNDA:0,(anonymous_12)
FNDA:0,(anonymous_13)
FNDA:0,(anonymous_14)
FNDA:0,(anonymous_15)
FNDA:0,(anonymous_16)
FNDA:0,(anonymous_17)
FNDA:0,(anonymous_18)
FNDA:0,(anonymous_19)
FNDA:0,(anonymous_20)
FNDA:0,(anonymous_21)
FNDA:0,(anonymous_22)
FNDA:0,(anonymous_23)
FNDA:0,(anonymous_24)
DA:14,0
DA:15,0
DA:16,0
DA:24,0
DA:37,0
DA:38,0
DA:42,0
DA:44,0
DA:45,0
DA:46,0
DA:50,0
DA:51,0
DA:52,0
DA:56,0
DA:58,0
DA:59,0
DA:64,0
DA:65,0
DA:69,0
DA:71,0
DA:72,0
DA:75,0
DA:79,0
DA:80,0
DA:82,0
DA:84,0
DA:87,0
DA:89,0
DA:90,0
DA:93,0
DA:94,0
DA:96,0
DA:97,0
DA:98,0
DA:105,0
DA:106,0
DA:107,0
DA:111,0
DA:112,0
DA:116,0
DA:117,0
DA:119,0
DA:120,0
DA:124,0
DA:125,0
DA:126,0
DA:129,0
DA:130,0
DA:133,0
DA:136,0
DA:138,0
DA:140,0
DA:143,0
DA:144,0
DA:147,0
DA:148,0
DA:149,0
DA:150,0
DA:151,0
DA:152,0
DA:158,0
DA:159,0
DA:162,0
DA:165,0
DA:168,0
DA:172,0
DA:173,0
DA:174,0
DA:175,0
DA:178,0
DA:179,0
DA:182,0
DA:183,0
DA:184,0
DA:186,0
DA:193,0
DA:194,0
DA:195,0
DA:203,0
DA:204,0
DA:208,0
DA:209,0
DA:213,0
DA:214,0
DA:217,0
DA:221,0
DA:222,0
DA:226,0
DA:231,0
DA:232,0
DA:233,0
DA:237,0
DA:238,0
DA:241,0
DA:247,0
DA:253,0
DA:262,0
DA:271,0
DA:272,0
DA:273,0
DA:279,0
DA:283,0
DA:287,0
DA:288,0
DA:289,0
DA:292,0
DA:293,0
DA:294,0
DA:295,0
DA:298,0
DA:299,0
DA:300,0
DA:302,0
DA:303,0
DA:307,0
DA:308,0
LF:116
LH:0
BRDA:44,0,0,0
BRDA:50,1,0,0
BRDA:64,2,0,0
BRDA:69,3,0,0
BRDA:69,4,0,0
BRDA:69,4,1,0
BRDA:93,5,0,0
BRDA:93,5,1,0
BRDA:106,6,0,0
BRDA:119,7,0,0
BRDA:174,8,0,0
BRDA:182,9,0,0
BRDA:182,9,1,0
BRDA:195,10,0,0
BRDA:195,10,1,0
BRDA:195,10,2,0
BRDA:203,11,0,0
BRDA:203,12,0,0
BRDA:203,12,1,0
BRDA:208,13,0,0
BRDA:208,14,0,0
BRDA:208,14,1,0
BRDA:213,15,0,0
BRDA:221,16,0,0
BRDA:232,17,0,0
BRDA:237,18,0,0
BRDA:288,19,0,0
BRDA:293,20,0,0
BRF:28
BRH:0
end_of_record
TN:
SF:src\services\voicebot\VoiceBotService.ts
FN:32,(anonymous_0)
FN:41,(anonymous_1)
FN:68,(anonymous_2)
FN:81,(anonymous_3)
FN:117,(anonymous_4)
FN:142,(anonymous_5)
FN:158,(anonymous_6)
FN:180,(anonymous_7)
FN:194,(anonymous_8)
FN:204,(anonymous_9)
FNF:10
FNH:0
FNDA:0,(anonymous_0)
FNDA:0,(anonymous_1)
FNDA:0,(anonymous_2)
FNDA:0,(anonymous_3)
FNDA:0,(anonymous_4)
FNDA:0,(anonymous_5)
FNDA:0,(anonymous_6)
FNDA:0,(anonymous_7)
FNDA:0,(anonymous_8)
FNDA:0,(anonymous_9)
DA:33,0
DA:34,0
DA:35,0
DA:36,0
DA:37,0
DA:38,0
DA:42,0
DA:44,0
DA:53,0
DA:56,0
DA:59,0
DA:61,0
DA:63,0
DA:64,0
DA:69,0
DA:70,0
DA:74,0
DA:76,0
DA:77,0
DA:82,0
DA:83,0
DA:85,0
DA:88,0
DA:89,0
DA:92,0
DA:94,0
DA:96,0
DA:97,0
DA:98,0
DA:100,0
DA:101,0
DA:105,0
DA:109,0
DA:112,0
DA:113,0
DA:118,0
DA:119,0
DA:135,0
DA:137,0
DA:138,0
DA:143,0
DA:145,0
DA:146,0
DA:149,0
DA:151,0
DA:153,0
DA:154,0
DA:159,0
DA:161,0
DA:162,0
DA:163,0
DA:167,0
DA:168,0
DA:171,0
DA:173,0
DA:175,0
DA:176,0
DA:181,0
DA:182,0
DA:183,0
DA:184,0
DA:187,0
DA:189,0
DA:190,0
DA:195,0
DA:196,0
DA:197,0
DA:199,0
DA:200,0
DA:205,0
DA:206,0
DA:207,0
DA:209,0
DA:210,0
DA:215,0
LF:75
LH:0
BRDA:94,0,0,0
BRDA:94,0,1,0
BRDA:98,1,0,0
BRDA:135,2,0,0
BRDA:135,2,1,0
BRDA:162,3,0,0
BRDA:183,4,0,0
BRDA:216,5,0,0
BRDA:216,5,1,0
BRF:9
BRH:0
end_of_record
TN:
SF:src\services\whatsapp\MediaHandler.ts
FN:14,(anonymous_0)
FN:19,(anonymous_1)
FN:63,(anonymous_2)
FN:92,(anonymous_3)
FN:110,(anonymous_4)
FN:125,(anonymous_5)
FN:146,(anonymous_6)
FN:161,(anonymous_7)
FN:167,(anonymous_8)
FNF:9
FNH:0
FNDA:0,(anonymous_0)
FNDA:0,(anonymous_1)
FNDA:0,(anonymous_2)
FNDA:0,(anonymous_3)
FNDA:0,(anonymous_4)
FNDA:0,(anonymous_5)
FNDA:0,(anonymous_6)
FNDA:0,(anonymous_7)
FNDA:0,(anonymous_8)
DA:15,0
DA:16,0
DA:20,0
DA:22,0
DA:23,0
DA:26,0
DA:27,0
DA:33,0
DA:36,0
DA:37,0
DA:38,0
DA:39,0
DA:44,0
DA:55,0
DA:56,0
DA:58,0
DA:59,0
DA:64,0
DA:66,0
DA:75,0
DA:78,0
DA:85,0
DA:87,0
DA:88,0
DA:93,0
DA:94,0
DA:103,0
DA:105,0
DA:106,0
DA:111,0
DA:113,0
DA:115,0
DA:117,0
DA:119,0
DA:121,0
DA:126,0
DA:128,0
DA:129,0
DA:130,0
DA:134,0
DA:135,0
DA:136,0
DA:139,0
DA:141,0
DA:142,0
DA:147,0
DA:149,0
DA:151,0
DA:153,0
DA:155,0
DA:157,0
DA:164,0
DA:168,0
DA:171,0
DA:173,0
DA:174,0
LF:56
LH:0
BRDA:111,0,0,0
BRDA:111,0,1,0
BRDA:111,0,2,0
BRDA:111,0,3,0
BRDA:111,0,4,0
BRDA:129,1,0,0
BRDA:135,2,0,0
BRDA:147,3,0,0
BRDA:147,3,1,0
BRDA:147,3,2,0
BRDA:147,3,3,0
BRDA:147,3,4,0
BRF:12
BRH:0
end_of_record
TN:
SF:src\services\whatsapp\TemplateManager.ts
FN:32,(anonymous_0)
FN:37,(anonymous_1)
FN:65,(anonymous_2)
FN:95,(anonymous_3)
FN:98,(anonymous_4)
FN:105,(anonymous_5)
FN:126,(anonymous_6)
FN:149,(anonymous_7)
FN:152,(anonymous_8)
FN:167,(anonymous_9)
FN:170,(anonymous_10)
FN:178,(anonymous_11)
FN:181,(anonymous_12)
FN:196,(anonymous_13)
FN:227,(anonymous_14)
FN:262,(anonymous_15)
FNF:16
FNH:0
FNDA:0,(anonymous_0)
FNDA:0,(anonymous_1)
FNDA:0,(anonymous_2)
FNDA:0,(anonymous_3)
FNDA:0,(anonymous_4)
FNDA:0,(anonymous_5)
FNDA:0,(anonymous_6)
FNDA:0,(anonymous_7)
FNDA:0,(anonymous_8)
FNDA:0,(anonymous_9)
FNDA:0,(anonymous_10)
FNDA:0,(anonymous_11)
FNDA:0,(anonymous_12)
FNDA:0,(anonymous_13)
FNDA:0,(anonymous_14)
FNDA:0,(anonymous_15)
DA:30,0
DA:33,0
DA:34,0
DA:38,0
DA:39,0
DA:56,0
DA:58,0
DA:60,0
DA:61,0
DA:66,0
DA:68,0
DA:69,0
DA:70,0
DA:74,0
DA:83,0
DA:86,0
DA:88,0
DA:90,0
DA:91,0
DA:96,0
DA:97,0
DA:98,0
DA:100,0
DA:101,0
DA:106,0
DA:107,0
DA:117,0
DA:119,0
DA:121,0
DA:122,0
DA:127,0
DA:128,0
DA:140,0
DA:142,0
DA:144,0
DA:145,0
DA:150,0
DA:151,0
DA:152,0
DA:154,0
DA:155,0
DA:157,0
DA:160,0
DA:162,0
DA:163,0
DA:168,0
DA:169,0
DA:170,0
DA:171,0
DA:173,0
DA:174,0
DA:179,0
DA:180,0
DA:181,0
DA:183,0
DA:184,0
DA:188,0
DA:191,0
DA:192,0
DA:197,0
DA:199,0
DA:200,0
DA:204,0
DA:205,0
DA:209,0
DA:210,0
DA:214,0
DA:215,0
DA:216,0
DA:220,0
DA:222,0
DA:223,0
DA:228,0
DA:230,0
DA:231,0
DA:235,0
DA:236,0
DA:237,0
DA:242,0
DA:243,0
DA:247,0
DA:248,0
DA:249,0
DA:250,0
DA:255,0
DA:257,0
DA:258,0
DA:263,0
DA:265,0
DA:266,0
DA:270,0
DA:271,0
DA:275,0
DA:276,0
DA:280,0
DA:281,0
DA:284,0
DA:286,0
DA:287,0
LF:99
LH:0
BRDA:69,0,0,0
BRDA:98,1,0,0
BRDA:98,1,1,0
BRDA:154,2,0,0
BRDA:154,2,1,0
BRDA:183,3,0,0
BRDA:199,4,0,0
BRDA:204,5,0,0
BRDA:209,6,0,0
BRDA:209,7,0,0
BRDA:209,7,1,0
BRDA:215,8,0,0
BRDA:230,9,0,0
BRDA:235,10,0,0
BRDA:235,11,0,0
BRDA:235,11,1,0
BRDA:236,12,0,0
BRDA:242,13,0,0
BRDA:242,14,0,0
BRDA:242,14,1,0
BRDA:247,15,0,0
BRDA:247,16,0,0
BRDA:247,16,1,0
BRDA:249,17,0,0
BRDA:265,18,0,0
BRDA:270,19,0,0
BRDA:270,20,0,0
BRDA:270,20,1,0
BRDA:275,21,0,0
BRDA:275,22,0,0
BRDA:275,22,1,0
BRDA:280,23,0,0
BRDA:280,24,0,0
BRDA:280,24,1,0
BRF:34
BRH:0
end_of_record
TN:
SF:src\services\whatsapp\WhatsAppService.ts
FN:28,(anonymous_0)
FN:36,(anonymous_1)
FN:62,(anonymous_2)
FN:92,(anonymous_3)
FN:120,(anonymous_4)
FN:130,(anonymous_5)
FN:140,(anonymous_6)
FN:151,(anonymous_7)
FN:161,(anonymous_8)
FN:170,(anonymous_9)
FNF:10
FNH:0
FNDA:0,(anonymous_0)
FNDA:0,(anonymous_1)
FNDA:0,(anonymous_2)
FNDA:0,(anonymous_3)
FNDA:0,(anonymous_4)
FNDA:0,(anonymous_5)
FNDA:0,(anonymous_6)
FNDA:0,(anonymous_7)
FNDA:0,(anonymous_8)
FNDA:0,(anonymous_9)
DA:29,0
DA:30,0
DA:31,0
DA:32,0
DA:33,0
DA:37,0
DA:38,0
DA:55,0
DA:57,0
DA:58,0
DA:63,0
DA:64,0
DA:85,0
DA:87,0
DA:88,0
DA:93,0
DA:94,0
DA:96,0
DA:113,0
DA:115,0
DA:116,0
DA:121,0
DA:122,0
DA:123,0
DA:125,0
DA:126,0
DA:131,0
DA:132,0
DA:133,0
DA:135,0
DA:136,0
DA:141,0
DA:142,0
DA:143,0
DA:144,0
DA:146,0
DA:147,0
DA:152,0
DA:153,0
DA:154,0
DA:156,0
DA:157,0
DA:162,0
DA:163,0
DA:165,0
DA:166,0
DA:171,0
DA:172,0
DA:173,0
DA:175,0
DA:176,0
DA:181,0
LF:52
LH:0
BRDA:182,0,0,0
BRDA:182,0,1,0
BRDA:183,1,0,0
BRDA:183,1,1,0
BRDA:184,2,0,0
BRDA:184,2,1,0
BRDA:185,3,0,0
BRDA:185,3,1,0
BRF:8
BRH:0
end_of_record
TN:
SF:src\tests\setup.ts
FN:53,(anonymous_0)
FNF:1
FNH:0
FNDA:0,(anonymous_0)
DA:5,0
DA:10,0
DA:21,0
DA:24,0
DA:32,0
DA:35,0
DA:41,0
DA:44,0
DA:50,0
DA:53,0
DA:54,0
DA:55,0
DA:56,0
LF:13
LH:0
BRF:0
BRH:0
end_of_record
TN:
SF:src\tests\logistics\LogisticsService.test.ts
FN:5,(anonymous_0)
FN:8,(anonymous_1)
FN:12,(anonymous_2)
FN:43,(anonymous_3)
FN:59,(anonymous_4)
FN:81,(anonymous_5)
FN:99,(anonymous_6)
FN:112,(anonymous_7)
FN:125,(anonymous_8)
FN:151,(anonymous_9)
FN:160,(anonymous_10)
FN:174,(anonymous_11)
FN:195,(anonymous_12)
FN:205,(anonymous_13)
FN:219,(anonymous_14)
FN:225,(anonymous_15)
FNF:16
FNH:0
FNDA:0,(anonymous_0)
FNDA:0,(anonymous_1)
FNDA:0,(anonymous_2)
FNDA:0,(anonymous_3)
FNDA:0,(anonymous_4)
FNDA:0,(anonymous_5)
FNDA:0,(anonymous_6)
FNDA:0,(anonymous_7)
FNDA:0,(anonymous_8)
FNDA:0,(anonymous_9)
FNDA:0,(anonymous_10)
FNDA:0,(anonymous_11)
FNDA:0,(anonymous_12)
FNDA:0,(anonymous_13)
FNDA:0,(anonymous_14)
FNDA:0,(anonymous_15)
DA:5,0
DA:8,0
DA:9,0
DA:12,0
DA:13,0
DA:20,0
DA:27,0
DA:37,0
DA:43,0
DA:44,0
DA:51,0
DA:52,0
DA:53,0
DA:54,0
DA:55,0
DA:56,0
DA:59,0
DA:60,0
DA:70,0
DA:81,0
DA:82,0
DA:83,0
DA:97,0
DA:99,0
DA:100,0
DA:106,0
DA:107,0
DA:108,0
DA:109,0
DA:112,0
DA:113,0
DA:115,0
DA:125,0
DA:126,0
DA:151,0
DA:152,0
DA:154,0
DA:155,0
DA:156,0
DA:157,0
DA:160,0
DA:161,0
DA:169,0
DA:170,0
DA:174,0
DA:175,0
DA:195,0
DA:196,0
DA:198,0
DA:199,0
DA:200,0
DA:201,0
DA:202,0
DA:205,0
DA:206,0
DA:211,0
DA:213,0
DA:214,0
DA:215,0
DA:216,0
DA:219,0
DA:220,0
DA:225,0
DA:226,0
DA:231,0
LF:65
LH:0
BRF:0
BRH:0
end_of_record
TN:
SF:src\tests\logistics\TrackingService.test.ts
FN:10,(anonymous_0)
FN:36,(anonymous_1)
FN:41,(anonymous_2)
FN:42,(anonymous_3)
FN:43,(anonymous_4)
FN:48,(anonymous_5)
FN:49,(anonymous_6)
FN:60,(anonymous_7)
FN:73,(anonymous_8)
FN:86,(anonymous_9)
FN:92,(anonymous_10)
FN:101,(anonymous_11)
FN:102,(anonymous_12)
FN:134,(anonymous_13)
FN:148,(anonymous_14)
FN:149,(anonymous_15)
FN:159,(anonymous_16)
FNF:17
FNH:0
FNDA:0,(anonymous_0)
FNDA:0,(anonymous_1)
FNDA:0,(anonymous_2)
FNDA:0,(anonymous_3)
FNDA:0,(anonymous_4)
FNDA:0,(anonymous_5)
FNDA:0,(anonymous_6)
FNDA:0,(anonymous_7)
FNDA:0,(anonymous_8)
FNDA:0,(anonymous_9)
FNDA:0,(anonymous_10)
FNDA:0,(anonymous_11)
FNDA:0,(anonymous_12)
FNDA:0,(anonymous_13)
FNDA:0,(anonymous_14)
FNDA:0,(anonymous_15)
FNDA:0,(anonymous_16)
DA:6,0
DA:7,0
DA:8,0
DA:10,0
DA:16,0
DA:36,0
DA:37,0
DA:38,0
DA:39,0
DA:41,0
DA:42,0
DA:43,0
DA:45,0
DA:48,0
DA:49,0
DA:50,0
DA:52,0
DA:54,0
DA:55,0
DA:56,0
DA:57,0
DA:60,0
DA:61,0
DA:66,0
DA:68,0
DA:69,0
DA:70,0
DA:73,0
DA:74,0
DA:79,0
DA:81,0
DA:82,0
DA:83,0
DA:86,0
DA:87,0
DA:92,0
DA:93,0
DA:95,0
DA:101,0
DA:102,0
DA:103,0
DA:109,0
DA:114,0
DA:120,0
DA:126,0
DA:128,0
DA:129,0
DA:130,0
DA:131,0
DA:134,0
DA:135,0
DA:140,0
DA:142,0
DA:148,0
DA:149,0
DA:150,0
DA:155,0
DA:156,0
DA:159,0
DA:160,0
DA:165,0
DA:166,0
LF:62
LH:0
BRF:0
BRH:0
end_of_record
TN:
SF:src\tests\services\LogisticsService.test.ts
FN:4,(anonymous_0)
FN:7,(anonymous_1)
FN:11,(anonymous_2)
FN:41,(anonymous_3)
FN:57,(anonymous_4)
FN:75,(anonymous_5)
FN:94,(anonymous_6)
FN:115,(anonymous_7)
FN:116,(anonymous_8)
FN:127,(anonymous_9)
FN:132,(anonymous_10)
FN:142,(anonymous_11)
FN:143,(anonymous_12)
FN:156,(anonymous_13)
FN:173,(anonymous_14)
FNF:15
FNH:0
FNDA:0,(anonymous_0)
FNDA:0,(anonymous_1)
FNDA:0,(anonymous_2)
FNDA:0,(anonymous_3)
FNDA:0,(anonymous_4)
FNDA:0,(anonymous_5)
FNDA:0,(anonymous_6)
FNDA:0,(anonymous_7)
FNDA:0,(anonymous_8)
FNDA:0,(anonymous_9)
FNDA:0,(anonymous_10)
FNDA:0,(anonymous_11)
FNDA:0,(anonymous_12)
FNDA:0,(anonymous_13)
FNDA:0,(anonymous_14)
DA:4,0
DA:7,0
DA:8,0
DA:11,0
DA:12,0
DA:19,0
DA:26,0
DA:35,0
DA:41,0
DA:42,0
DA:49,0
DA:50,0
DA:51,0
DA:52,0
DA:53,0
DA:54,0
DA:57,0
DA:58,0
DA:63,0
DA:70,0
DA:71,0
DA:72,0
DA:75,0
DA:76,0
DA:82,0
DA:89,0
DA:91,0
DA:94,0
DA:95,0
DA:101,0
DA:108,0
DA:110,0
DA:111,0
DA:115,0
DA:116,0
DA:117,0
DA:118,0
DA:120,0
DA:121,0
DA:122,0
DA:123,0
DA:124,0
DA:127,0
DA:128,0
DA:129,0
DA:132,0
DA:133,0
DA:134,0
DA:136,0
DA:137,0
DA:138,0
DA:142,0
DA:143,0
DA:144,0
DA:150,0
DA:151,0
DA:152,0
DA:153,0
DA:156,0
DA:157,0
DA:162,0
DA:168,0
DA:170,0
DA:173,0
DA:174,0
DA:183,0
DA:189,0
DA:191,0
LF:68
LH:0
BRF:0
BRH:0
end_of_record
TN:
SF:src\tests\services\RFQService.test.ts
FN:4,(anonymous_0)
FN:7,(anonymous_1)
FN:11,(anonymous_2)
FN:12,(anonymous_3)
FN:28,(anonymous_4)
FN:40,(anonymous_5)
FN:41,(anonymous_6)
FN:59,(anonymous_7)
FN:64,(anonymous_8)
FN:65,(anonymous_9)
FN:87,(anonymous_10)
FN:96,(anonymous_11)
FN:97,(anonymous_12)
FN:117,(anonymous_13)
FN:132,(anonymous_14)
FN:136,(anonymous_15)
FN:137,(anonymous_16)
FN:154,(anonymous_17)
FNF:18
FNH:0
FNDA:0,(anonymous_0)
FNDA:0,(anonymous_1)
FNDA:0,(anonymous_2)
FNDA:0,(anonymous_3)
FNDA:0,(anonymous_4)
FNDA:0,(anonymous_5)
FNDA:0,(anonymous_6)
FNDA:0,(anonymous_7)
FNDA:0,(anonymous_8)
FNDA:0,(anonymous_9)
FNDA:0,(anonymous_10)
FNDA:0,(anonymous_11)
FNDA:0,(anonymous_12)
FNDA:0,(anonymous_13)
FNDA:0,(anonymous_14)
FNDA:0,(anonymous_15)
FNDA:0,(anonymous_16)
FNDA:0,(anonymous_17)
DA:4,0
DA:7,0
DA:8,0
DA:11,0
DA:12,0
DA:13,0
DA:20,0
DA:22,0
DA:23,0
DA:24,0
DA:25,0
DA:28,0
DA:29,0
DA:36,0
DA:40,0
DA:41,0
DA:43,0
DA:49,0
DA:52,0
DA:54,0
DA:55,0
DA:56,0
DA:59,0
DA:60,0
DA:64,0
DA:65,0
DA:67,0
DA:73,0
DA:76,0
DA:80,0
DA:82,0
DA:83,0
DA:84,0
DA:87,0
DA:88,0
DA:92,0
DA:96,0
DA:97,0
DA:99,0
DA:105,0
DA:106,0
DA:107,0
DA:109,0
DA:111,0
DA:112,0
DA:113,0
DA:114,0
DA:117,0
DA:118,0
DA:124,0
DA:126,0
DA:132,0
DA:136,0
DA:137,0
DA:139,0
DA:145,0
DA:148,0
DA:151,0
DA:154,0
DA:155,0
LF:60
LH:0
BRF:0
BRH:0
end_of_record
TN:
SF:src\utils\storage.ts
FN:18,(anonymous_0)
FN:27,(anonymous_1)
FN:43,(anonymous_2)
FN:48,(anonymous_3)
FN:52,(anonymous_4)
FN:72,(anonymous_5)
FN:105,(anonymous_6)
FN:114,(anonymous_7)
FN:120,(anonymous_8)
FN:131,(anonymous_9)
FN:134,(anonymous_10)
FN:135,(anonymous_11)
FN:143,(anonymous_12)
FN:147,(anonymous_13)
FN:151,(anonymous_14)
FN:155,(anonymous_15)
FN:159,(anonymous_16)
FN:163,(anonymous_17)
FN:167,(anonymous_18)
FN:171,(anonymous_19)
FNF:20
FNH:0
FNDA:0,(anonymous_0)
FNDA:0,(anonymous_1)
FNDA:0,(anonymous_2)
FNDA:0,(anonymous_3)
FNDA:0,(anonymous_4)
FNDA:0,(anonymous_5)
FNDA:0,(anonymous_6)
FNDA:0,(anonymous_7)
FNDA:0,(anonymous_8)
FNDA:0,(anonymous_9)
FNDA:0,(anonymous_10)
FNDA:0,(anonymous_11)
FNDA:0,(anonymous_12)
FNDA:0,(anonymous_13)
FNDA:0,(anonymous_14)
FNDA:0,(anonymous_15)
FNDA:0,(anonymous_16)
FNDA:0,(anonymous_17)
FNDA:0,(anonymous_18)
FNDA:0,(anonymous_19)
DA:11,0
DA:18,0
DA:19,0
DA:20,0
DA:22,0
DA:23,0
DA:27,0
DA:28,0
DA:29,0
DA:30,0
DA:31,0
DA:33,0
DA:34,0
DA:44,0
DA:45,0
DA:49,0
DA:53,0
DA:54,0
DA:55,0
DA:57,0
DA:62,0
DA:66,0
DA:68,0
DA:73,0
DA:74,0
DA:75,0
DA:76,0
DA:78,0
DA:82,0
DA:83,0
DA:88,0
DA:89,0
DA:93,0
DA:94,0
DA:95,0
DA:98,0
DA:100,0
DA:101,0
DA:106,0
DA:107,0
DA:108,0
DA:110,0
DA:115,0
DA:116,0
DA:117,0
DA:120,0
DA:121,0
DA:122,0
DA:127,0
DA:132,0
DA:133,0
DA:134,0
DA:135,0
DA:137,0
DA:138,0
DA:144,0
DA:148,0
DA:152,0
DA:156,0
DA:160,0
DA:164,0
DA:168,0
DA:172,0
DA:177,0
DA:178,0
LF:65
LH:0
BRDA:14,0,0,0
BRDA:14,0,1,0
BRDA:31,1,0,0
BRDA:31,1,1,0
BRDA:43,2,0,0
BRDA:43,3,0,0
BRDA:44,4,0,0
BRDA:44,4,1,0
BRDA:59,5,0,0
BRDA:59,5,1,0
BRDA:62,6,0,0
BRDA:62,6,1,0
BRDA:78,7,0,0
BRDA:83,8,0,0
BRDA:83,8,1,0
BRDA:93,9,0,0
BRDA:93,10,0,0
BRDA:93,10,1,0
BRDA:114,11,0,0
BRDA:116,12,0,0
BRDA:116,12,1,0
BRDA:121,13,0,0
BRDA:148,14,0,0
BRDA:148,14,1,0
BRDA:156,15,0,0
BRDA:156,15,1,0
BRDA:164,16,0,0
BRDA:164,16,1,0
BRDA:172,17,0,0
BRDA:172,17,1,0
BRF:30
BRH:0
end_of_record
